CRITICAL - 2022-04-28 00:15:55 --> Invalid file: index.php
#0 C:\Salik\File\codeigniter4-CodeIgniter4-v4.1.9-0-g202f41a\codeigniter4-CodeIgniter4-202f41a\system\View\View.php(198): CodeIgniter\Exceptions\FrameworkException::forInvalidFile('index.php')
#1 C:\Salik\File\codeigniter4-CodeIgniter4-v4.1.9-0-g202f41a\codeigniter4-CodeIgniter4-202f41a\system\Common.php(1089): CodeIgniter\View\View->render('index', Array, true)
#2 C:\Salik\File\codeigniter4-CodeIgniter4-v4.1.9-0-g202f41a\codeigniter4-CodeIgniter4-202f41a\app\Controllers\Home.php(14): view('index')
#3 C:\Salik\File\codeigniter4-CodeIgniter4-v4.1.9-0-g202f41a\codeigniter4-CodeIgniter4-202f41a\system\CodeIgniter.php(832): App\Controllers\Home->index()
#4 C:\Salik\File\codeigniter4-CodeIgniter4-v4.1.9-0-g202f41a\codeigniter4-CodeIgniter4-202f41a\system\CodeIgniter.php(419): CodeIgniter\CodeIgniter->runController(Object(App\Controllers\Home))
#5 C:\Salik\File\codeigniter4-CodeIgniter4-v4.1.9-0-g202f41a\codeigniter4-CodeIgniter4-202f41a\system\CodeIgniter.php(326): CodeIgniter\CodeIgniter->handleRequest(NULL, Object(Config\Cache), false)
#6 C:\Salik\File\codeigniter4-CodeIgniter4-v4.1.9-0-g202f41a\codeigniter4-CodeIgniter4-202f41a\public\index.php(37): CodeIgniter\CodeIgniter->run()
#7 {main}
CRITICAL - 2022-04-28 00:15:59 --> Invalid file: index.php
#0 C:\Salik\File\codeigniter4-CodeIgniter4-v4.1.9-0-g202f41a\codeigniter4-CodeIgniter4-202f41a\system\View\View.php(198): CodeIgniter\Exceptions\FrameworkException::forInvalidFile('index.php')
#1 C:\Salik\File\codeigniter4-CodeIgniter4-v4.1.9-0-g202f41a\codeigniter4-CodeIgniter4-202f41a\system\Common.php(1089): CodeIgniter\View\View->render('index', Array, true)
#2 C:\Salik\File\codeigniter4-CodeIgniter4-v4.1.9-0-g202f41a\codeigniter4-CodeIgniter4-202f41a\app\Controllers\Home.php(14): view('index')
#3 C:\Salik\File\codeigniter4-CodeIgniter4-v4.1.9-0-g202f41a\codeigniter4-CodeIgniter4-202f41a\system\CodeIgniter.php(832): App\Controllers\Home->index()
#4 C:\Salik\File\codeigniter4-CodeIgniter4-v4.1.9-0-g202f41a\codeigniter4-CodeIgniter4-202f41a\system\CodeIgniter.php(419): CodeIgniter\CodeIgniter->runController(Object(App\Controllers\Home))
#5 C:\Salik\File\codeigniter4-CodeIgniter4-v4.1.9-0-g202f41a\codeigniter4-CodeIgniter4-202f41a\system\CodeIgniter.php(326): CodeIgniter\CodeIgniter->handleRequest(NULL, Object(Config\Cache), false)
#6 C:\Salik\File\codeigniter4-CodeIgniter4-v4.1.9-0-g202f41a\codeigniter4-CodeIgniter4-202f41a\public\index.php(37): CodeIgniter\CodeIgniter->run()
#7 {main}
CRITICAL - 2022-04-28 00:18:36 --> Undefined variable $title
#0 C:\Salik\File\codeigniter4-CodeIgniter4-v4.1.9-0-g202f41a\codeigniter4-CodeIgniter4-202f41a\app\Views\index.php(9): CodeIgniter\Debug\Exceptions->errorHandler(2, 'Undefined varia...', 'C:\\Salik\\File\\c...', 9)
#1 C:\Salik\File\codeigniter4-CodeIgniter4-v4.1.9-0-g202f41a\codeigniter4-CodeIgniter4-202f41a\system\View\View.php(210): include('C:\\Salik\\File\\c...')
#2 C:\Salik\File\codeigniter4-CodeIgniter4-v4.1.9-0-g202f41a\codeigniter4-CodeIgniter4-202f41a\system\View\View.php(213): CodeIgniter\View\View->CodeIgniter\View\{closure}()
#3 C:\Salik\File\codeigniter4-CodeIgniter4-v4.1.9-0-g202f41a\codeigniter4-CodeIgniter4-202f41a\system\Common.php(1089): CodeIgniter\View\View->render('index', Array, true)
#4 C:\Salik\File\codeigniter4-CodeIgniter4-v4.1.9-0-g202f41a\codeigniter4-CodeIgniter4-202f41a\app\Controllers\Home.php(14): view('index')
#5 C:\Salik\File\codeigniter4-CodeIgniter4-v4.1.9-0-g202f41a\codeigniter4-CodeIgniter4-202f41a\system\CodeIgniter.php(832): App\Controllers\Home->index()
#6 C:\Salik\File\codeigniter4-CodeIgniter4-v4.1.9-0-g202f41a\codeigniter4-CodeIgniter4-202f41a\system\CodeIgniter.php(419): CodeIgniter\CodeIgniter->runController(Object(App\Controllers\Home))
#7 C:\Salik\File\codeigniter4-CodeIgniter4-v4.1.9-0-g202f41a\codeigniter4-CodeIgniter4-202f41a\system\CodeIgniter.php(326): CodeIgniter\CodeIgniter->handleRequest(NULL, Object(Config\Cache), false)
#8 C:\Salik\File\codeigniter4-CodeIgniter4-v4.1.9-0-g202f41a\codeigniter4-CodeIgniter4-202f41a\public\index.php(37): CodeIgniter\CodeIgniter->run()
#9 {main}
CRITICAL - 2022-04-28 00:18:37 --> Undefined variable $title
#0 C:\Salik\File\codeigniter4-CodeIgniter4-v4.1.9-0-g202f41a\codeigniter4-CodeIgniter4-202f41a\app\Views\index.php(9): CodeIgniter\Debug\Exceptions->errorHandler(2, 'Undefined varia...', 'C:\\Salik\\File\\c...', 9)
#1 C:\Salik\File\codeigniter4-CodeIgniter4-v4.1.9-0-g202f41a\codeigniter4-CodeIgniter4-202f41a\system\View\View.php(210): include('C:\\Salik\\File\\c...')
#2 C:\Salik\File\codeigniter4-CodeIgniter4-v4.1.9-0-g202f41a\codeigniter4-CodeIgniter4-202f41a\system\View\View.php(213): CodeIgniter\View\View->CodeIgniter\View\{closure}()
#3 C:\Salik\File\codeigniter4-CodeIgniter4-v4.1.9-0-g202f41a\codeigniter4-CodeIgniter4-202f41a\system\Common.php(1089): CodeIgniter\View\View->render('index', Array, true)
#4 C:\Salik\File\codeigniter4-CodeIgniter4-v4.1.9-0-g202f41a\codeigniter4-CodeIgniter4-202f41a\app\Controllers\Home.php(14): view('index')
#5 C:\Salik\File\codeigniter4-CodeIgniter4-v4.1.9-0-g202f41a\codeigniter4-CodeIgniter4-202f41a\system\CodeIgniter.php(832): App\Controllers\Home->index()
#6 C:\Salik\File\codeigniter4-CodeIgniter4-v4.1.9-0-g202f41a\codeigniter4-CodeIgniter4-202f41a\system\CodeIgniter.php(419): CodeIgniter\CodeIgniter->runController(Object(App\Controllers\Home))
#7 C:\Salik\File\codeigniter4-CodeIgniter4-v4.1.9-0-g202f41a\codeigniter4-CodeIgniter4-202f41a\system\CodeIgniter.php(326): CodeIgniter\CodeIgniter->handleRequest(NULL, Object(Config\Cache), false)
#8 C:\Salik\File\codeigniter4-CodeIgniter4-v4.1.9-0-g202f41a\codeigniter4-CodeIgniter4-202f41a\public\index.php(37): CodeIgniter\CodeIgniter->run()
#9 {main}
CRITICAL - 2022-04-28 00:18:38 --> Undefined variable $title
#0 C:\Salik\File\codeigniter4-CodeIgniter4-v4.1.9-0-g202f41a\codeigniter4-CodeIgniter4-202f41a\app\Views\index.php(9): CodeIgniter\Debug\Exceptions->errorHandler(2, 'Undefined varia...', 'C:\\Salik\\File\\c...', 9)
#1 C:\Salik\File\codeigniter4-CodeIgniter4-v4.1.9-0-g202f41a\codeigniter4-CodeIgniter4-202f41a\system\View\View.php(210): include('C:\\Salik\\File\\c...')
#2 C:\Salik\File\codeigniter4-CodeIgniter4-v4.1.9-0-g202f41a\codeigniter4-CodeIgniter4-202f41a\system\View\View.php(213): CodeIgniter\View\View->CodeIgniter\View\{closure}()
#3 C:\Salik\File\codeigniter4-CodeIgniter4-v4.1.9-0-g202f41a\codeigniter4-CodeIgniter4-202f41a\system\Common.php(1089): CodeIgniter\View\View->render('index', Array, true)
#4 C:\Salik\File\codeigniter4-CodeIgniter4-v4.1.9-0-g202f41a\codeigniter4-CodeIgniter4-202f41a\app\Controllers\Home.php(14): view('index')
#5 C:\Salik\File\codeigniter4-CodeIgniter4-v4.1.9-0-g202f41a\codeigniter4-CodeIgniter4-202f41a\system\CodeIgniter.php(832): App\Controllers\Home->index()
#6 C:\Salik\File\codeigniter4-CodeIgniter4-v4.1.9-0-g202f41a\codeigniter4-CodeIgniter4-202f41a\system\CodeIgniter.php(419): CodeIgniter\CodeIgniter->runController(Object(App\Controllers\Home))
#7 C:\Salik\File\codeigniter4-CodeIgniter4-v4.1.9-0-g202f41a\codeigniter4-CodeIgniter4-202f41a\system\CodeIgniter.php(326): CodeIgniter\CodeIgniter->handleRequest(NULL, Object(Config\Cache), false)
#8 C:\Salik\File\codeigniter4-CodeIgniter4-v4.1.9-0-g202f41a\codeigniter4-CodeIgniter4-202f41a\public\index.php(37): CodeIgniter\CodeIgniter->run()
#9 {main}
CRITICAL - 2022-04-28 00:19:32 --> Undefined variable $title
#0 C:\Salik\File\codeigniter4-CodeIgniter4-v4.1.9-0-g202f41a\codeigniter4-CodeIgniter4-202f41a\app\Views\index.php(9): CodeIgniter\Debug\Exceptions->errorHandler(2, 'Undefined varia...', 'C:\\Salik\\File\\c...', 9)
#1 C:\Salik\File\codeigniter4-CodeIgniter4-v4.1.9-0-g202f41a\codeigniter4-CodeIgniter4-202f41a\system\View\View.php(210): include('C:\\Salik\\File\\c...')
#2 C:\Salik\File\codeigniter4-CodeIgniter4-v4.1.9-0-g202f41a\codeigniter4-CodeIgniter4-202f41a\system\View\View.php(213): CodeIgniter\View\View->CodeIgniter\View\{closure}()
#3 C:\Salik\File\codeigniter4-CodeIgniter4-v4.1.9-0-g202f41a\codeigniter4-CodeIgniter4-202f41a\system\Common.php(1089): CodeIgniter\View\View->render('index', Array, true)
#4 C:\Salik\File\codeigniter4-CodeIgniter4-v4.1.9-0-g202f41a\codeigniter4-CodeIgniter4-202f41a\app\Controllers\Home.php(15): view('index')
#5 C:\Salik\File\codeigniter4-CodeIgniter4-v4.1.9-0-g202f41a\codeigniter4-CodeIgniter4-202f41a\system\CodeIgniter.php(832): App\Controllers\Home->index()
#6 C:\Salik\File\codeigniter4-CodeIgniter4-v4.1.9-0-g202f41a\codeigniter4-CodeIgniter4-202f41a\system\CodeIgniter.php(419): CodeIgniter\CodeIgniter->runController(Object(App\Controllers\Home))
#7 C:\Salik\File\codeigniter4-CodeIgniter4-v4.1.9-0-g202f41a\codeigniter4-CodeIgniter4-202f41a\system\CodeIgniter.php(326): CodeIgniter\CodeIgniter->handleRequest(NULL, Object(Config\Cache), false)
#8 C:\Salik\File\codeigniter4-CodeIgniter4-v4.1.9-0-g202f41a\codeigniter4-CodeIgniter4-202f41a\public\index.php(37): CodeIgniter\CodeIgniter->run()
#9 {main}
CRITICAL - 2022-04-28 00:19:44 --> Undefined variable $title
#0 C:\Salik\File\codeigniter4-CodeIgniter4-v4.1.9-0-g202f41a\codeigniter4-CodeIgniter4-202f41a\app\Views\index.php(9): CodeIgniter\Debug\Exceptions->errorHandler(2, 'Undefined varia...', 'C:\\Salik\\File\\c...', 9)
#1 C:\Salik\File\codeigniter4-CodeIgniter4-v4.1.9-0-g202f41a\codeigniter4-CodeIgniter4-202f41a\system\View\View.php(210): include('C:\\Salik\\File\\c...')
#2 C:\Salik\File\codeigniter4-CodeIgniter4-v4.1.9-0-g202f41a\codeigniter4-CodeIgniter4-202f41a\system\View\View.php(213): CodeIgniter\View\View->CodeIgniter\View\{closure}()
#3 C:\Salik\File\codeigniter4-CodeIgniter4-v4.1.9-0-g202f41a\codeigniter4-CodeIgniter4-202f41a\system\Common.php(1089): CodeIgniter\View\View->render('index', Array, true)
#4 C:\Salik\File\codeigniter4-CodeIgniter4-v4.1.9-0-g202f41a\codeigniter4-CodeIgniter4-202f41a\app\Controllers\Home.php(15): view('index')
#5 C:\Salik\File\codeigniter4-CodeIgniter4-v4.1.9-0-g202f41a\codeigniter4-CodeIgniter4-202f41a\system\CodeIgniter.php(832): App\Controllers\Home->index()
#6 C:\Salik\File\codeigniter4-CodeIgniter4-v4.1.9-0-g202f41a\codeigniter4-CodeIgniter4-202f41a\system\CodeIgniter.php(419): CodeIgniter\CodeIgniter->runController(Object(App\Controllers\Home))
#7 C:\Salik\File\codeigniter4-CodeIgniter4-v4.1.9-0-g202f41a\codeigniter4-CodeIgniter4-202f41a\system\CodeIgniter.php(326): CodeIgniter\CodeIgniter->handleRequest(NULL, Object(Config\Cache), false)
#8 C:\Salik\File\codeigniter4-CodeIgniter4-v4.1.9-0-g202f41a\codeigniter4-CodeIgniter4-202f41a\public\index.php(37): CodeIgniter\CodeIgniter->run()
#9 C:\Salik\File\codeigniter4-CodeIgniter4-v4.1.9-0-g202f41a\codeigniter4-CodeIgniter4-202f41a\system\Commands\Server\rewrite.php(43): require_once('C:\\Salik\\File\\c...')
#10 {main}
CRITICAL - 2022-04-28 00:20:36 --> Undefined variable $title
#0 C:\Salik\File\codeigniter4-CodeIgniter4-v4.1.9-0-g202f41a\codeigniter4-CodeIgniter4-202f41a\app\Views\index.php(9): CodeIgniter\Debug\Exceptions->errorHandler(2, 'Undefined varia...', 'C:\\Salik\\File\\c...', 9)
#1 C:\Salik\File\codeigniter4-CodeIgniter4-v4.1.9-0-g202f41a\codeigniter4-CodeIgniter4-202f41a\system\View\View.php(210): include('C:\\Salik\\File\\c...')
#2 C:\Salik\File\codeigniter4-CodeIgniter4-v4.1.9-0-g202f41a\codeigniter4-CodeIgniter4-202f41a\system\View\View.php(213): CodeIgniter\View\View->CodeIgniter\View\{closure}()
#3 C:\Salik\File\codeigniter4-CodeIgniter4-v4.1.9-0-g202f41a\codeigniter4-CodeIgniter4-202f41a\system\Common.php(1089): CodeIgniter\View\View->render('index', Array, true)
#4 C:\Salik\File\codeigniter4-CodeIgniter4-v4.1.9-0-g202f41a\codeigniter4-CodeIgniter4-202f41a\app\Controllers\Home.php(15): view('index')
#5 C:\Salik\File\codeigniter4-CodeIgniter4-v4.1.9-0-g202f41a\codeigniter4-CodeIgniter4-202f41a\system\CodeIgniter.php(832): App\Controllers\Home->index()
#6 C:\Salik\File\codeigniter4-CodeIgniter4-v4.1.9-0-g202f41a\codeigniter4-CodeIgniter4-202f41a\system\CodeIgniter.php(419): CodeIgniter\CodeIgniter->runController(Object(App\Controllers\Home))
#7 C:\Salik\File\codeigniter4-CodeIgniter4-v4.1.9-0-g202f41a\codeigniter4-CodeIgniter4-202f41a\system\CodeIgniter.php(326): CodeIgniter\CodeIgniter->handleRequest(NULL, Object(Config\Cache), false)
#8 C:\Salik\File\codeigniter4-CodeIgniter4-v4.1.9-0-g202f41a\codeigniter4-CodeIgniter4-202f41a\public\index.php(37): CodeIgniter\CodeIgniter->run()
#9 C:\Salik\File\codeigniter4-CodeIgniter4-v4.1.9-0-g202f41a\codeigniter4-CodeIgniter4-202f41a\system\Commands\Server\rewrite.php(43): require_once('C:\\Salik\\File\\c...')
#10 {main}
ERROR - 2022-04-28 00:21:04 --> Error connecting to the database: Access denied for user ''@'localhost' (using password: NO)
CRITICAL - 2022-04-28 00:21:04 --> Unable to connect to the database.
Main connection [MySQLi]: Access denied for user ''@'localhost' (using password: NO)
#0 C:\Salik\File\codeigniter4-CodeIgniter4-v4.1.9-0-g202f41a\codeigniter4-CodeIgniter4-202f41a\system\Database\BaseConnection.php(577): CodeIgniter\Database\BaseConnection->initialize()
#1 C:\Salik\File\codeigniter4-CodeIgniter4-v4.1.9-0-g202f41a\codeigniter4-CodeIgniter4-202f41a\system\Database\BaseBuilder.php(1455): CodeIgniter\Database\BaseConnection->query('SELECT *\nFROM `...', Array, false)
#2 C:\Salik\File\codeigniter4-CodeIgniter4-v4.1.9-0-g202f41a\codeigniter4-CodeIgniter4-202f41a\app\Models\UserDatatable.php(57): CodeIgniter\Database\BaseBuilder->get()
#3 C:\Salik\File\codeigniter4-CodeIgniter4-v4.1.9-0-g202f41a\codeigniter4-CodeIgniter4-202f41a\app\Controllers\User.php(22): App\Models\UserDatatable->getDatatables()
#4 C:\Salik\File\codeigniter4-CodeIgniter4-v4.1.9-0-g202f41a\codeigniter4-CodeIgniter4-202f41a\system\CodeIgniter.php(832): App\Controllers\User->ajaxList()
#5 C:\Salik\File\codeigniter4-CodeIgniter4-v4.1.9-0-g202f41a\codeigniter4-CodeIgniter4-202f41a\system\CodeIgniter.php(419): CodeIgniter\CodeIgniter->runController(Object(App\Controllers\User))
#6 C:\Salik\File\codeigniter4-CodeIgniter4-v4.1.9-0-g202f41a\codeigniter4-CodeIgniter4-202f41a\system\CodeIgniter.php(326): CodeIgniter\CodeIgniter->handleRequest(NULL, Object(Config\Cache), false)
#7 C:\Salik\File\codeigniter4-CodeIgniter4-v4.1.9-0-g202f41a\codeigniter4-CodeIgniter4-202f41a\public\index.php(37): CodeIgniter\CodeIgniter->run()
#8 C:\Salik\File\codeigniter4-CodeIgniter4-v4.1.9-0-g202f41a\codeigniter4-CodeIgniter4-202f41a\system\Commands\Server\rewrite.php(43): require_once('C:\\Salik\\File\\c...')
#9 {main}
ERROR - 2022-04-28 00:21:09 --> Error connecting to the database: Access denied for user ''@'localhost' (using password: NO)
CRITICAL - 2022-04-28 00:21:09 --> Unable to connect to the database.
Main connection [MySQLi]: Access denied for user ''@'localhost' (using password: NO)
#0 C:\Salik\File\codeigniter4-CodeIgniter4-v4.1.9-0-g202f41a\codeigniter4-CodeIgniter4-202f41a\system\Database\BaseConnection.php(577): CodeIgniter\Database\BaseConnection->initialize()
#1 C:\Salik\File\codeigniter4-CodeIgniter4-v4.1.9-0-g202f41a\codeigniter4-CodeIgniter4-202f41a\system\Database\BaseBuilder.php(1455): CodeIgniter\Database\BaseConnection->query('SELECT *\nFROM `...', Array, false)
#2 C:\Salik\File\codeigniter4-CodeIgniter4-v4.1.9-0-g202f41a\codeigniter4-CodeIgniter4-202f41a\app\Models\UserDatatable.php(57): CodeIgniter\Database\BaseBuilder->get()
#3 C:\Salik\File\codeigniter4-CodeIgniter4-v4.1.9-0-g202f41a\codeigniter4-CodeIgniter4-202f41a\app\Controllers\User.php(22): App\Models\UserDatatable->getDatatables()
#4 C:\Salik\File\codeigniter4-CodeIgniter4-v4.1.9-0-g202f41a\codeigniter4-CodeIgniter4-202f41a\system\CodeIgniter.php(832): App\Controllers\User->ajaxList()
#5 C:\Salik\File\codeigniter4-CodeIgniter4-v4.1.9-0-g202f41a\codeigniter4-CodeIgniter4-202f41a\system\CodeIgniter.php(419): CodeIgniter\CodeIgniter->runController(Object(App\Controllers\User))
#6 C:\Salik\File\codeigniter4-CodeIgniter4-v4.1.9-0-g202f41a\codeigniter4-CodeIgniter4-202f41a\system\CodeIgniter.php(326): CodeIgniter\CodeIgniter->handleRequest(NULL, Object(Config\Cache), false)
#7 C:\Salik\File\codeigniter4-CodeIgniter4-v4.1.9-0-g202f41a\codeigniter4-CodeIgniter4-202f41a\public\index.php(37): CodeIgniter\CodeIgniter->run()
#8 C:\Salik\File\codeigniter4-CodeIgniter4-v4.1.9-0-g202f41a\codeigniter4-CodeIgniter4-202f41a\system\Commands\Server\rewrite.php(43): require_once('C:\\Salik\\File\\c...')
#9 {main}
ERROR - 2022-04-28 00:21:41 --> Error connecting to the database: Access denied for user ''@'localhost' (using password: NO)
CRITICAL - 2022-04-28 00:21:41 --> Unable to connect to the database.
Main connection [MySQLi]: Access denied for user ''@'localhost' (using password: NO)
#0 C:\Salik\File\codeigniter4-CodeIgniter4-v4.1.9-0-g202f41a\codeigniter4-CodeIgniter4-202f41a\system\Database\BaseConnection.php(577): CodeIgniter\Database\BaseConnection->initialize()
#1 C:\Salik\File\codeigniter4-CodeIgniter4-v4.1.9-0-g202f41a\codeigniter4-CodeIgniter4-202f41a\system\Database\BaseBuilder.php(1455): CodeIgniter\Database\BaseConnection->query('SELECT *\nFROM `...', Array, false)
#2 C:\Salik\File\codeigniter4-CodeIgniter4-v4.1.9-0-g202f41a\codeigniter4-CodeIgniter4-202f41a\app\Models\UserDatatable.php(57): CodeIgniter\Database\BaseBuilder->get()
#3 C:\Salik\File\codeigniter4-CodeIgniter4-v4.1.9-0-g202f41a\codeigniter4-CodeIgniter4-202f41a\app\Controllers\User.php(22): App\Models\UserDatatable->getDatatables()
#4 C:\Salik\File\codeigniter4-CodeIgniter4-v4.1.9-0-g202f41a\codeigniter4-CodeIgniter4-202f41a\system\CodeIgniter.php(832): App\Controllers\User->ajaxList()
#5 C:\Salik\File\codeigniter4-CodeIgniter4-v4.1.9-0-g202f41a\codeigniter4-CodeIgniter4-202f41a\system\CodeIgniter.php(419): CodeIgniter\CodeIgniter->runController(Object(App\Controllers\User))
#6 C:\Salik\File\codeigniter4-CodeIgniter4-v4.1.9-0-g202f41a\codeigniter4-CodeIgniter4-202f41a\system\CodeIgniter.php(326): CodeIgniter\CodeIgniter->handleRequest(NULL, Object(Config\Cache), false)
#7 C:\Salik\File\codeigniter4-CodeIgniter4-v4.1.9-0-g202f41a\codeigniter4-CodeIgniter4-202f41a\public\index.php(37): CodeIgniter\CodeIgniter->run()
#8 C:\Salik\File\codeigniter4-CodeIgniter4-v4.1.9-0-g202f41a\codeigniter4-CodeIgniter4-202f41a\system\Commands\Server\rewrite.php(43): require_once('C:\\Salik\\File\\c...')
#9 {main}
ERROR - 2022-04-28 00:21:43 --> Error connecting to the database: Access denied for user ''@'localhost' (using password: NO)
CRITICAL - 2022-04-28 00:21:43 --> Unable to connect to the database.
Main connection [MySQLi]: Access denied for user ''@'localhost' (using password: NO)
#0 C:\Salik\File\codeigniter4-CodeIgniter4-v4.1.9-0-g202f41a\codeigniter4-CodeIgniter4-202f41a\system\Database\BaseConnection.php(577): CodeIgniter\Database\BaseConnection->initialize()
#1 C:\Salik\File\codeigniter4-CodeIgniter4-v4.1.9-0-g202f41a\codeigniter4-CodeIgniter4-202f41a\system\Database\BaseBuilder.php(1455): CodeIgniter\Database\BaseConnection->query('SELECT *\nFROM `...', Array, false)
#2 C:\Salik\File\codeigniter4-CodeIgniter4-v4.1.9-0-g202f41a\codeigniter4-CodeIgniter4-202f41a\app\Models\UserDatatable.php(57): CodeIgniter\Database\BaseBuilder->get()
#3 C:\Salik\File\codeigniter4-CodeIgniter4-v4.1.9-0-g202f41a\codeigniter4-CodeIgniter4-202f41a\app\Controllers\User.php(22): App\Models\UserDatatable->getDatatables()
#4 C:\Salik\File\codeigniter4-CodeIgniter4-v4.1.9-0-g202f41a\codeigniter4-CodeIgniter4-202f41a\system\CodeIgniter.php(832): App\Controllers\User->ajaxList()
#5 C:\Salik\File\codeigniter4-CodeIgniter4-v4.1.9-0-g202f41a\codeigniter4-CodeIgniter4-202f41a\system\CodeIgniter.php(419): CodeIgniter\CodeIgniter->runController(Object(App\Controllers\User))
#6 C:\Salik\File\codeigniter4-CodeIgniter4-v4.1.9-0-g202f41a\codeigniter4-CodeIgniter4-202f41a\system\CodeIgniter.php(326): CodeIgniter\CodeIgniter->handleRequest(NULL, Object(Config\Cache), false)
#7 C:\Salik\File\codeigniter4-CodeIgniter4-v4.1.9-0-g202f41a\codeigniter4-CodeIgniter4-202f41a\public\index.php(37): CodeIgniter\CodeIgniter->run()
#8 C:\Salik\File\codeigniter4-CodeIgniter4-v4.1.9-0-g202f41a\codeigniter4-CodeIgniter4-202f41a\system\Commands\Server\rewrite.php(43): require_once('C:\\Salik\\File\\c...')
#9 {main}
ERROR - 2022-04-28 00:29:11 --> Error connecting to the database: Access denied for user ''@'localhost' (using password: NO)
CRITICAL - 2022-04-28 00:29:11 --> Unable to connect to the database.
Main connection [MySQLi]: Access denied for user ''@'localhost' (using password: NO)
#0 C:\Salik\File\codeigniter4-CodeIgniter4-v4.1.9-0-g202f41a\codeigniter4-CodeIgniter4-202f41a\system\Database\BaseConnection.php(577): CodeIgniter\Database\BaseConnection->initialize()
#1 C:\Salik\File\codeigniter4-CodeIgniter4-v4.1.9-0-g202f41a\codeigniter4-CodeIgniter4-202f41a\system\Database\BaseBuilder.php(1455): CodeIgniter\Database\BaseConnection->query('SELECT *\nFROM `...', Array, false)
#2 C:\Salik\File\codeigniter4-CodeIgniter4-v4.1.9-0-g202f41a\codeigniter4-CodeIgniter4-202f41a\app\Models\UserDatatable.php(57): CodeIgniter\Database\BaseBuilder->get()
#3 C:\Salik\File\codeigniter4-CodeIgniter4-v4.1.9-0-g202f41a\codeigniter4-CodeIgniter4-202f41a\app\Controllers\User.php(22): App\Models\UserDatatable->getDatatables()
#4 C:\Salik\File\codeigniter4-CodeIgniter4-v4.1.9-0-g202f41a\codeigniter4-CodeIgniter4-202f41a\system\CodeIgniter.php(832): App\Controllers\User->ajaxList()
#5 C:\Salik\File\codeigniter4-CodeIgniter4-v4.1.9-0-g202f41a\codeigniter4-CodeIgniter4-202f41a\system\CodeIgniter.php(419): CodeIgniter\CodeIgniter->runController(Object(App\Controllers\User))
#6 C:\Salik\File\codeigniter4-CodeIgniter4-v4.1.9-0-g202f41a\codeigniter4-CodeIgniter4-202f41a\system\CodeIgniter.php(326): CodeIgniter\CodeIgniter->handleRequest(NULL, Object(Config\Cache), false)
#7 C:\Salik\File\codeigniter4-CodeIgniter4-v4.1.9-0-g202f41a\codeigniter4-CodeIgniter4-202f41a\public\index.php(37): CodeIgniter\CodeIgniter->run()
#8 C:\Salik\File\codeigniter4-CodeIgniter4-v4.1.9-0-g202f41a\codeigniter4-CodeIgniter4-202f41a\system\Commands\Server\rewrite.php(43): require_once('C:\\Salik\\File\\c...')
#9 {main}
ERROR - 2022-04-28 00:29:16 --> Error connecting to the database: Access denied for user ''@'localhost' (using password: NO)
CRITICAL - 2022-04-28 00:29:16 --> Unable to connect to the database.
Main connection [MySQLi]: Access denied for user ''@'localhost' (using password: NO)
#0 C:\Salik\File\codeigniter4-CodeIgniter4-v4.1.9-0-g202f41a\codeigniter4-CodeIgniter4-202f41a\system\Database\BaseConnection.php(577): CodeIgniter\Database\BaseConnection->initialize()
#1 C:\Salik\File\codeigniter4-CodeIgniter4-v4.1.9-0-g202f41a\codeigniter4-CodeIgniter4-202f41a\system\Database\BaseBuilder.php(1455): CodeIgniter\Database\BaseConnection->query('SELECT *\nFROM `...', Array, false)
#2 C:\Salik\File\codeigniter4-CodeIgniter4-v4.1.9-0-g202f41a\codeigniter4-CodeIgniter4-202f41a\app\Models\UserDatatable.php(57): CodeIgniter\Database\BaseBuilder->get()
#3 C:\Salik\File\codeigniter4-CodeIgniter4-v4.1.9-0-g202f41a\codeigniter4-CodeIgniter4-202f41a\app\Controllers\User.php(22): App\Models\UserDatatable->getDatatables()
#4 C:\Salik\File\codeigniter4-CodeIgniter4-v4.1.9-0-g202f41a\codeigniter4-CodeIgniter4-202f41a\system\CodeIgniter.php(832): App\Controllers\User->ajaxList()
#5 C:\Salik\File\codeigniter4-CodeIgniter4-v4.1.9-0-g202f41a\codeigniter4-CodeIgniter4-202f41a\system\CodeIgniter.php(419): CodeIgniter\CodeIgniter->runController(Object(App\Controllers\User))
#6 C:\Salik\File\codeigniter4-CodeIgniter4-v4.1.9-0-g202f41a\codeigniter4-CodeIgniter4-202f41a\system\CodeIgniter.php(326): CodeIgniter\CodeIgniter->handleRequest(NULL, Object(Config\Cache), false)
#7 C:\Salik\File\codeigniter4-CodeIgniter4-v4.1.9-0-g202f41a\codeigniter4-CodeIgniter4-202f41a\public\index.php(37): CodeIgniter\CodeIgniter->run()
#8 C:\Salik\File\codeigniter4-CodeIgniter4-v4.1.9-0-g202f41a\codeigniter4-CodeIgniter4-202f41a\system\Commands\Server\rewrite.php(43): require_once('C:\\Salik\\File\\c...')
#9 {main}
ERROR - 2022-04-28 00:35:19 --> Error connecting to the database: Access denied for user ''@'localhost' (using password: NO)
CRITICAL - 2022-04-28 00:35:19 --> Unable to connect to the database.
Main connection [MySQLi]: Access denied for user ''@'localhost' (using password: NO)
#0 C:\Salik\File\codeigniter4-CodeIgniter4-v4.1.9-0-g202f41a\codeigniter4-CodeIgniter4-202f41a\system\Database\BaseConnection.php(577): CodeIgniter\Database\BaseConnection->initialize()
#1 C:\Salik\File\codeigniter4-CodeIgniter4-v4.1.9-0-g202f41a\codeigniter4-CodeIgniter4-202f41a\system\Database\BaseBuilder.php(1455): CodeIgniter\Database\BaseConnection->query('SELECT *\nFROM `...', Array, false)
#2 C:\Salik\File\codeigniter4-CodeIgniter4-v4.1.9-0-g202f41a\codeigniter4-CodeIgniter4-202f41a\app\Models\UserDatatable.php(57): CodeIgniter\Database\BaseBuilder->get()
#3 C:\Salik\File\codeigniter4-CodeIgniter4-v4.1.9-0-g202f41a\codeigniter4-CodeIgniter4-202f41a\app\Controllers\User.php(22): App\Models\UserDatatable->getDatatables()
#4 C:\Salik\File\codeigniter4-CodeIgniter4-v4.1.9-0-g202f41a\codeigniter4-CodeIgniter4-202f41a\system\CodeIgniter.php(832): App\Controllers\User->ajaxList()
#5 C:\Salik\File\codeigniter4-CodeIgniter4-v4.1.9-0-g202f41a\codeigniter4-CodeIgniter4-202f41a\system\CodeIgniter.php(419): CodeIgniter\CodeIgniter->runController(Object(App\Controllers\User))
#6 C:\Salik\File\codeigniter4-CodeIgniter4-v4.1.9-0-g202f41a\codeigniter4-CodeIgniter4-202f41a\system\CodeIgniter.php(326): CodeIgniter\CodeIgniter->handleRequest(NULL, Object(Config\Cache), false)
#7 C:\Salik\File\codeigniter4-CodeIgniter4-v4.1.9-0-g202f41a\codeigniter4-CodeIgniter4-202f41a\public\index.php(37): CodeIgniter\CodeIgniter->run()
#8 C:\Salik\File\codeigniter4-CodeIgniter4-v4.1.9-0-g202f41a\codeigniter4-CodeIgniter4-202f41a\system\Commands\Server\rewrite.php(43): require_once('C:\\Salik\\File\\c...')
#9 {main}
ERROR - 2022-04-28 00:42:40 --> Error connecting to the database: Access denied for user ''@'localhost' (using password: NO)
CRITICAL - 2022-04-28 00:42:40 --> Unable to connect to the database.
Main connection [MySQLi]: Access denied for user ''@'localhost' (using password: NO)
#0 C:\Salik\File\codeigniter4-CodeIgniter4-v4.1.9-0-g202f41a\codeigniter4-CodeIgniter4-202f41a\system\Database\BaseConnection.php(577): CodeIgniter\Database\BaseConnection->initialize()
#1 C:\Salik\File\codeigniter4-CodeIgniter4-v4.1.9-0-g202f41a\codeigniter4-CodeIgniter4-202f41a\system\Database\BaseBuilder.php(1455): CodeIgniter\Database\BaseConnection->query('SELECT *\nFROM `...', Array, false)
#2 C:\Salik\File\codeigniter4-CodeIgniter4-v4.1.9-0-g202f41a\codeigniter4-CodeIgniter4-202f41a\app\Models\UserDatatable.php(57): CodeIgniter\Database\BaseBuilder->get()
#3 C:\Salik\File\codeigniter4-CodeIgniter4-v4.1.9-0-g202f41a\codeigniter4-CodeIgniter4-202f41a\app\Controllers\User.php(22): App\Models\UserDatatable->getDatatables()
#4 C:\Salik\File\codeigniter4-CodeIgniter4-v4.1.9-0-g202f41a\codeigniter4-CodeIgniter4-202f41a\system\CodeIgniter.php(832): App\Controllers\User->ajaxList()
#5 C:\Salik\File\codeigniter4-CodeIgniter4-v4.1.9-0-g202f41a\codeigniter4-CodeIgniter4-202f41a\system\CodeIgniter.php(419): CodeIgniter\CodeIgniter->runController(Object(App\Controllers\User))
#6 C:\Salik\File\codeigniter4-CodeIgniter4-v4.1.9-0-g202f41a\codeigniter4-CodeIgniter4-202f41a\system\CodeIgniter.php(326): CodeIgniter\CodeIgniter->handleRequest(NULL, Object(Config\Cache), false)
#7 C:\Salik\File\codeigniter4-CodeIgniter4-v4.1.9-0-g202f41a\codeigniter4-CodeIgniter4-202f41a\public\index.php(37): CodeIgniter\CodeIgniter->run()
#8 C:\Salik\File\codeigniter4-CodeIgniter4-v4.1.9-0-g202f41a\codeigniter4-CodeIgniter4-202f41a\system\Commands\Server\rewrite.php(43): require_once('C:\\Salik\\File\\c...')
#9 {main}
ERROR - 2022-04-28 00:42:43 --> Error connecting to the database: Access denied for user ''@'localhost' (using password: NO)
CRITICAL - 2022-04-28 00:42:43 --> Unable to connect to the database.
Main connection [MySQLi]: Access denied for user ''@'localhost' (using password: NO)
#0 C:\Salik\File\codeigniter4-CodeIgniter4-v4.1.9-0-g202f41a\codeigniter4-CodeIgniter4-202f41a\system\Database\BaseConnection.php(577): CodeIgniter\Database\BaseConnection->initialize()
#1 C:\Salik\File\codeigniter4-CodeIgniter4-v4.1.9-0-g202f41a\codeigniter4-CodeIgniter4-202f41a\system\Database\BaseBuilder.php(1455): CodeIgniter\Database\BaseConnection->query('SELECT *\nFROM `...', Array, false)
#2 C:\Salik\File\codeigniter4-CodeIgniter4-v4.1.9-0-g202f41a\codeigniter4-CodeIgniter4-202f41a\app\Models\UserDatatable.php(57): CodeIgniter\Database\BaseBuilder->get()
#3 C:\Salik\File\codeigniter4-CodeIgniter4-v4.1.9-0-g202f41a\codeigniter4-CodeIgniter4-202f41a\app\Controllers\User.php(22): App\Models\UserDatatable->getDatatables()
#4 C:\Salik\File\codeigniter4-CodeIgniter4-v4.1.9-0-g202f41a\codeigniter4-CodeIgniter4-202f41a\system\CodeIgniter.php(832): App\Controllers\User->ajaxList()
#5 C:\Salik\File\codeigniter4-CodeIgniter4-v4.1.9-0-g202f41a\codeigniter4-CodeIgniter4-202f41a\system\CodeIgniter.php(419): CodeIgniter\CodeIgniter->runController(Object(App\Controllers\User))
#6 C:\Salik\File\codeigniter4-CodeIgniter4-v4.1.9-0-g202f41a\codeigniter4-CodeIgniter4-202f41a\system\CodeIgniter.php(326): CodeIgniter\CodeIgniter->handleRequest(NULL, Object(Config\Cache), false)
#7 C:\Salik\File\codeigniter4-CodeIgniter4-v4.1.9-0-g202f41a\codeigniter4-CodeIgniter4-202f41a\public\index.php(37): CodeIgniter\CodeIgniter->run()
#8 C:\Salik\File\codeigniter4-CodeIgniter4-v4.1.9-0-g202f41a\codeigniter4-CodeIgniter4-202f41a\system\Commands\Server\rewrite.php(43): require_once('C:\\Salik\\File\\c...')
#9 {main}
ERROR - 2022-04-28 00:45:00 --> Error connecting to the database: Access denied for user ''@'localhost' (using password: NO)
CRITICAL - 2022-04-28 00:45:00 --> Unable to connect to the database.
Main connection [MySQLi]: Access denied for user ''@'localhost' (using password: NO)
#0 C:\Salik\File\codeigniter4-CodeIgniter4-v4.1.9-0-g202f41a\codeigniter4-CodeIgniter4-202f41a\system\Database\BaseConnection.php(577): CodeIgniter\Database\BaseConnection->initialize()
#1 C:\Salik\File\codeigniter4-CodeIgniter4-v4.1.9-0-g202f41a\codeigniter4-CodeIgniter4-202f41a\system\Database\BaseBuilder.php(1455): CodeIgniter\Database\BaseConnection->query('SELECT *\nFROM `...', Array, false)
#2 C:\Salik\File\codeigniter4-CodeIgniter4-v4.1.9-0-g202f41a\codeigniter4-CodeIgniter4-202f41a\app\Models\UserDatatable.php(57): CodeIgniter\Database\BaseBuilder->get()
#3 C:\Salik\File\codeigniter4-CodeIgniter4-v4.1.9-0-g202f41a\codeigniter4-CodeIgniter4-202f41a\app\Controllers\User.php(22): App\Models\UserDatatable->getDatatables()
#4 C:\Salik\File\codeigniter4-CodeIgniter4-v4.1.9-0-g202f41a\codeigniter4-CodeIgniter4-202f41a\system\CodeIgniter.php(832): App\Controllers\User->ajaxList()
#5 C:\Salik\File\codeigniter4-CodeIgniter4-v4.1.9-0-g202f41a\codeigniter4-CodeIgniter4-202f41a\system\CodeIgniter.php(419): CodeIgniter\CodeIgniter->runController(Object(App\Controllers\User))
#6 C:\Salik\File\codeigniter4-CodeIgniter4-v4.1.9-0-g202f41a\codeigniter4-CodeIgniter4-202f41a\system\CodeIgniter.php(326): CodeIgniter\CodeIgniter->handleRequest(NULL, Object(Config\Cache), false)
#7 C:\Salik\File\codeigniter4-CodeIgniter4-v4.1.9-0-g202f41a\codeigniter4-CodeIgniter4-202f41a\public\index.php(37): CodeIgniter\CodeIgniter->run()
#8 C:\Salik\File\codeigniter4-CodeIgniter4-v4.1.9-0-g202f41a\codeigniter4-CodeIgniter4-202f41a\system\Commands\Server\rewrite.php(43): require_once('C:\\Salik\\File\\c...')
#9 {main}
ERROR - 2022-04-28 00:45:50 --> Error connecting to the database: Access denied for user ''@'localhost' (using password: NO)
CRITICAL - 2022-04-28 00:45:50 --> Unable to connect to the database.
Main connection [MySQLi]: Access denied for user ''@'localhost' (using password: NO)
#0 C:\Salik\File\codeigniter4-CodeIgniter4-v4.1.9-0-g202f41a\codeigniter4-CodeIgniter4-202f41a\system\Database\BaseConnection.php(577): CodeIgniter\Database\BaseConnection->initialize()
#1 C:\Salik\File\codeigniter4-CodeIgniter4-v4.1.9-0-g202f41a\codeigniter4-CodeIgniter4-202f41a\system\Database\BaseBuilder.php(1455): CodeIgniter\Database\BaseConnection->query('SELECT *\nFROM `...', Array, false)
#2 C:\Salik\File\codeigniter4-CodeIgniter4-v4.1.9-0-g202f41a\codeigniter4-CodeIgniter4-202f41a\app\Models\UserDatatable.php(57): CodeIgniter\Database\BaseBuilder->get()
#3 C:\Salik\File\codeigniter4-CodeIgniter4-v4.1.9-0-g202f41a\codeigniter4-CodeIgniter4-202f41a\app\Controllers\User.php(22): App\Models\UserDatatable->getDatatables()
#4 C:\Salik\File\codeigniter4-CodeIgniter4-v4.1.9-0-g202f41a\codeigniter4-CodeIgniter4-202f41a\system\CodeIgniter.php(832): App\Controllers\User->ajaxList()
#5 C:\Salik\File\codeigniter4-CodeIgniter4-v4.1.9-0-g202f41a\codeigniter4-CodeIgniter4-202f41a\system\CodeIgniter.php(419): CodeIgniter\CodeIgniter->runController(Object(App\Controllers\User))
#6 C:\Salik\File\codeigniter4-CodeIgniter4-v4.1.9-0-g202f41a\codeigniter4-CodeIgniter4-202f41a\system\CodeIgniter.php(326): CodeIgniter\CodeIgniter->handleRequest(NULL, Object(Config\Cache), false)
#7 C:\Salik\File\codeigniter4-CodeIgniter4-v4.1.9-0-g202f41a\codeigniter4-CodeIgniter4-202f41a\public\index.php(37): CodeIgniter\CodeIgniter->run()
#8 C:\Salik\File\codeigniter4-CodeIgniter4-v4.1.9-0-g202f41a\codeigniter4-CodeIgniter4-202f41a\system\Commands\Server\rewrite.php(43): require_once('C:\\Salik\\File\\c...')
#9 {main}
ERROR - 2022-04-28 00:45:54 --> Error connecting to the database: Access denied for user ''@'localhost' (using password: NO)
CRITICAL - 2022-04-28 00:45:54 --> Unable to connect to the database.
Main connection [MySQLi]: Access denied for user ''@'localhost' (using password: NO)
#0 C:\Salik\File\codeigniter4-CodeIgniter4-v4.1.9-0-g202f41a\codeigniter4-CodeIgniter4-202f41a\system\Database\BaseConnection.php(577): CodeIgniter\Database\BaseConnection->initialize()
#1 C:\Salik\File\codeigniter4-CodeIgniter4-v4.1.9-0-g202f41a\codeigniter4-CodeIgniter4-202f41a\system\Database\BaseBuilder.php(1455): CodeIgniter\Database\BaseConnection->query('SELECT *\nFROM `...', Array, false)
#2 C:\Salik\File\codeigniter4-CodeIgniter4-v4.1.9-0-g202f41a\codeigniter4-CodeIgniter4-202f41a\app\Models\UserDatatable.php(57): CodeIgniter\Database\BaseBuilder->get()
#3 C:\Salik\File\codeigniter4-CodeIgniter4-v4.1.9-0-g202f41a\codeigniter4-CodeIgniter4-202f41a\app\Controllers\User.php(22): App\Models\UserDatatable->getDatatables()
#4 C:\Salik\File\codeigniter4-CodeIgniter4-v4.1.9-0-g202f41a\codeigniter4-CodeIgniter4-202f41a\system\CodeIgniter.php(832): App\Controllers\User->ajaxList()
#5 C:\Salik\File\codeigniter4-CodeIgniter4-v4.1.9-0-g202f41a\codeigniter4-CodeIgniter4-202f41a\system\CodeIgniter.php(419): CodeIgniter\CodeIgniter->runController(Object(App\Controllers\User))
#6 C:\Salik\File\codeigniter4-CodeIgniter4-v4.1.9-0-g202f41a\codeigniter4-CodeIgniter4-202f41a\system\CodeIgniter.php(326): CodeIgniter\CodeIgniter->handleRequest(NULL, Object(Config\Cache), false)
#7 C:\Salik\File\codeigniter4-CodeIgniter4-v4.1.9-0-g202f41a\codeigniter4-CodeIgniter4-202f41a\public\index.php(37): CodeIgniter\CodeIgniter->run()
#8 C:\Salik\File\codeigniter4-CodeIgniter4-v4.1.9-0-g202f41a\codeigniter4-CodeIgniter4-202f41a\system\Commands\Server\rewrite.php(43): require_once('C:\\Salik\\File\\c...')
#9 {main}
ERROR - 2022-04-28 00:45:57 --> Error connecting to the database: Access denied for user ''@'localhost' (using password: NO)
CRITICAL - 2022-04-28 00:45:57 --> Unable to connect to the database.
Main connection [MySQLi]: Access denied for user ''@'localhost' (using password: NO)
#0 C:\Salik\File\codeigniter4-CodeIgniter4-v4.1.9-0-g202f41a\codeigniter4-CodeIgniter4-202f41a\system\Database\BaseConnection.php(577): CodeIgniter\Database\BaseConnection->initialize()
#1 C:\Salik\File\codeigniter4-CodeIgniter4-v4.1.9-0-g202f41a\codeigniter4-CodeIgniter4-202f41a\system\Database\BaseBuilder.php(1455): CodeIgniter\Database\BaseConnection->query('SELECT *\nFROM `...', Array, false)
#2 C:\Salik\File\codeigniter4-CodeIgniter4-v4.1.9-0-g202f41a\codeigniter4-CodeIgniter4-202f41a\app\Models\UserDatatable.php(57): CodeIgniter\Database\BaseBuilder->get()
#3 C:\Salik\File\codeigniter4-CodeIgniter4-v4.1.9-0-g202f41a\codeigniter4-CodeIgniter4-202f41a\app\Controllers\User.php(22): App\Models\UserDatatable->getDatatables()
#4 C:\Salik\File\codeigniter4-CodeIgniter4-v4.1.9-0-g202f41a\codeigniter4-CodeIgniter4-202f41a\system\CodeIgniter.php(832): App\Controllers\User->ajaxList()
#5 C:\Salik\File\codeigniter4-CodeIgniter4-v4.1.9-0-g202f41a\codeigniter4-CodeIgniter4-202f41a\system\CodeIgniter.php(419): CodeIgniter\CodeIgniter->runController(Object(App\Controllers\User))
#6 C:\Salik\File\codeigniter4-CodeIgniter4-v4.1.9-0-g202f41a\codeigniter4-CodeIgniter4-202f41a\system\CodeIgniter.php(326): CodeIgniter\CodeIgniter->handleRequest(NULL, Object(Config\Cache), false)
#7 C:\Salik\File\codeigniter4-CodeIgniter4-v4.1.9-0-g202f41a\codeigniter4-CodeIgniter4-202f41a\public\index.php(37): CodeIgniter\CodeIgniter->run()
#8 C:\Salik\File\codeigniter4-CodeIgniter4-v4.1.9-0-g202f41a\codeigniter4-CodeIgniter4-202f41a\system\Commands\Server\rewrite.php(43): require_once('C:\\Salik\\File\\c...')
#9 {main}
ERROR - 2022-04-28 01:01:02 --> Error connecting to the database: Access denied for user ''@'localhost' (using password: NO)
CRITICAL - 2022-04-28 01:01:02 --> Unable to connect to the database.
Main connection [MySQLi]: Access denied for user ''@'localhost' (using password: NO)
#0 C:\Salik\File\codeigniter4-CodeIgniter4-v4.1.9-0-g202f41a\codeigniter4-CodeIgniter4-202f41a\system\Database\BaseConnection.php(577): CodeIgniter\Database\BaseConnection->initialize()
#1 C:\Salik\File\codeigniter4-CodeIgniter4-v4.1.9-0-g202f41a\codeigniter4-CodeIgniter4-202f41a\system\Database\BaseBuilder.php(1455): CodeIgniter\Database\BaseConnection->query('SELECT *\nFROM `...', Array, false)
#2 C:\Salik\File\codeigniter4-CodeIgniter4-v4.1.9-0-g202f41a\codeigniter4-CodeIgniter4-202f41a\app\Models\UserDatatable.php(57): CodeIgniter\Database\BaseBuilder->get()
#3 C:\Salik\File\codeigniter4-CodeIgniter4-v4.1.9-0-g202f41a\codeigniter4-CodeIgniter4-202f41a\app\Controllers\User.php(22): App\Models\UserDatatable->getDatatables()
#4 C:\Salik\File\codeigniter4-CodeIgniter4-v4.1.9-0-g202f41a\codeigniter4-CodeIgniter4-202f41a\system\CodeIgniter.php(832): App\Controllers\User->ajaxList()
#5 C:\Salik\File\codeigniter4-CodeIgniter4-v4.1.9-0-g202f41a\codeigniter4-CodeIgniter4-202f41a\system\CodeIgniter.php(419): CodeIgniter\CodeIgniter->runController(Object(App\Controllers\User))
#6 C:\Salik\File\codeigniter4-CodeIgniter4-v4.1.9-0-g202f41a\codeigniter4-CodeIgniter4-202f41a\system\CodeIgniter.php(326): CodeIgniter\CodeIgniter->handleRequest(NULL, Object(Config\Cache), false)
#7 C:\Salik\File\codeigniter4-CodeIgniter4-v4.1.9-0-g202f41a\codeigniter4-CodeIgniter4-202f41a\public\index.php(37): CodeIgniter\CodeIgniter->run()
#8 C:\Salik\File\codeigniter4-CodeIgniter4-v4.1.9-0-g202f41a\codeigniter4-CodeIgniter4-202f41a\system\Commands\Server\rewrite.php(43): require_once('C:\\Salik\\File\\c...')
#9 {main}
ERROR - 2022-04-28 01:01:07 --> Error connecting to the database: Access denied for user ''@'localhost' (using password: NO)
CRITICAL - 2022-04-28 01:01:07 --> Unable to connect to the database.
Main connection [MySQLi]: Access denied for user ''@'localhost' (using password: NO)
#0 C:\Salik\File\codeigniter4-CodeIgniter4-v4.1.9-0-g202f41a\codeigniter4-CodeIgniter4-202f41a\system\Database\BaseConnection.php(577): CodeIgniter\Database\BaseConnection->initialize()
#1 C:\Salik\File\codeigniter4-CodeIgniter4-v4.1.9-0-g202f41a\codeigniter4-CodeIgniter4-202f41a\system\Database\BaseBuilder.php(1455): CodeIgniter\Database\BaseConnection->query('SELECT *\nFROM `...', Array, false)
#2 C:\Salik\File\codeigniter4-CodeIgniter4-v4.1.9-0-g202f41a\codeigniter4-CodeIgniter4-202f41a\app\Models\UserDatatable.php(57): CodeIgniter\Database\BaseBuilder->get()
#3 C:\Salik\File\codeigniter4-CodeIgniter4-v4.1.9-0-g202f41a\codeigniter4-CodeIgniter4-202f41a\app\Controllers\User.php(22): App\Models\UserDatatable->getDatatables()
#4 C:\Salik\File\codeigniter4-CodeIgniter4-v4.1.9-0-g202f41a\codeigniter4-CodeIgniter4-202f41a\system\CodeIgniter.php(832): App\Controllers\User->ajaxList()
#5 C:\Salik\File\codeigniter4-CodeIgniter4-v4.1.9-0-g202f41a\codeigniter4-CodeIgniter4-202f41a\system\CodeIgniter.php(419): CodeIgniter\CodeIgniter->runController(Object(App\Controllers\User))
#6 C:\Salik\File\codeigniter4-CodeIgniter4-v4.1.9-0-g202f41a\codeigniter4-CodeIgniter4-202f41a\system\CodeIgniter.php(326): CodeIgniter\CodeIgniter->handleRequest(NULL, Object(Config\Cache), false)
#7 C:\Salik\File\codeigniter4-CodeIgniter4-v4.1.9-0-g202f41a\codeigniter4-CodeIgniter4-202f41a\public\index.php(37): CodeIgniter\CodeIgniter->run()
#8 C:\Salik\File\codeigniter4-CodeIgniter4-v4.1.9-0-g202f41a\codeigniter4-CodeIgniter4-202f41a\system\Commands\Server\rewrite.php(43): require_once('C:\\Salik\\File\\c...')
#9 {main}
CRITICAL - 2022-04-28 01:02:04 --> Call to undefined function App\Models\utswf()
#0 C:\Salik\File\codeigniter4-CodeIgniter4-v4.1.9-0-g202f41a\codeigniter4-CodeIgniter4-202f41a\app\Controllers\User.php(19): App\Models\UserDatatable->__construct(Object(CodeIgniter\HTTP\IncomingRequest))
#1 C:\Salik\File\codeigniter4-CodeIgniter4-v4.1.9-0-g202f41a\codeigniter4-CodeIgniter4-202f41a\system\CodeIgniter.php(832): App\Controllers\User->ajaxList()
#2 C:\Salik\File\codeigniter4-CodeIgniter4-v4.1.9-0-g202f41a\codeigniter4-CodeIgniter4-202f41a\system\CodeIgniter.php(419): CodeIgniter\CodeIgniter->runController(Object(App\Controllers\User))
#3 C:\Salik\File\codeigniter4-CodeIgniter4-v4.1.9-0-g202f41a\codeigniter4-CodeIgniter4-202f41a\system\CodeIgniter.php(326): CodeIgniter\CodeIgniter->handleRequest(NULL, Object(Config\Cache), false)
#4 C:\Salik\File\codeigniter4-CodeIgniter4-v4.1.9-0-g202f41a\codeigniter4-CodeIgniter4-202f41a\public\index.php(37): CodeIgniter\CodeIgniter->run()
#5 C:\Salik\File\codeigniter4-CodeIgniter4-v4.1.9-0-g202f41a\codeigniter4-CodeIgniter4-202f41a\system\Commands\Server\rewrite.php(43): require_once('C:\\Salik\\File\\c...')
#6 {main}
CRITICAL - 2022-04-28 01:07:28 --> Call to undefined function App\Models\utswf()
#0 C:\Salik\File\codeigniter4-CodeIgniter4-v4.1.9-0-g202f41a\codeigniter4-CodeIgniter4-202f41a\app\Controllers\User.php(19): App\Models\UserDatatable->__construct(Object(CodeIgniter\HTTP\IncomingRequest))
#1 C:\Salik\File\codeigniter4-CodeIgniter4-v4.1.9-0-g202f41a\codeigniter4-CodeIgniter4-202f41a\system\CodeIgniter.php(832): App\Controllers\User->ajaxList()
#2 C:\Salik\File\codeigniter4-CodeIgniter4-v4.1.9-0-g202f41a\codeigniter4-CodeIgniter4-202f41a\system\CodeIgniter.php(419): CodeIgniter\CodeIgniter->runController(Object(App\Controllers\User))
#3 C:\Salik\File\codeigniter4-CodeIgniter4-v4.1.9-0-g202f41a\codeigniter4-CodeIgniter4-202f41a\system\CodeIgniter.php(326): CodeIgniter\CodeIgniter->handleRequest(NULL, Object(Config\Cache), false)
#4 C:\Salik\File\codeigniter4-CodeIgniter4-v4.1.9-0-g202f41a\codeigniter4-CodeIgniter4-202f41a\public\index.php(37): CodeIgniter\CodeIgniter->run()
#5 C:\Salik\File\codeigniter4-CodeIgniter4-v4.1.9-0-g202f41a\codeigniter4-CodeIgniter4-202f41a\system\Commands\Server\rewrite.php(43): require_once('C:\\Salik\\File\\c...')
#6 {main}
ERROR - 2022-04-28 01:21:36 --> Error connecting to the database: Access denied for user ''@'localhost' (using password: NO)
CRITICAL - 2022-04-28 01:22:05 --> Call to undefined function App\Models\utswf()
#0 C:\Salik\File\codeigniter4-CodeIgniter4-v4.1.9-0-g202f41a\codeigniter4-CodeIgniter4-202f41a\app\Controllers\User.php(19): App\Models\UserDatatable->__construct(Object(CodeIgniter\HTTP\IncomingRequest))
#1 C:\Salik\File\codeigniter4-CodeIgniter4-v4.1.9-0-g202f41a\codeigniter4-CodeIgniter4-202f41a\system\CodeIgniter.php(832): App\Controllers\User->ajaxList()
#2 C:\Salik\File\codeigniter4-CodeIgniter4-v4.1.9-0-g202f41a\codeigniter4-CodeIgniter4-202f41a\system\CodeIgniter.php(419): CodeIgniter\CodeIgniter->runController(Object(App\Controllers\User))
#3 C:\Salik\File\codeigniter4-CodeIgniter4-v4.1.9-0-g202f41a\codeigniter4-CodeIgniter4-202f41a\system\CodeIgniter.php(326): CodeIgniter\CodeIgniter->handleRequest(NULL, Object(Config\Cache), false)
#4 C:\Salik\File\codeigniter4-CodeIgniter4-v4.1.9-0-g202f41a\codeigniter4-CodeIgniter4-202f41a\public\index.php(37): CodeIgniter\CodeIgniter->run()
#5 C:\Salik\File\codeigniter4-CodeIgniter4-v4.1.9-0-g202f41a\codeigniter4-CodeIgniter4-202f41a\system\Commands\Server\rewrite.php(43): require_once('C:\\Salik\\File\\c...')
#6 {main}
CRITICAL - 2022-04-28 01:23:42 --> Call to undefined function App\Models\utswf()
#0 C:\Salik\File\codeigniter4-CodeIgniter4-v4.1.9-0-g202f41a\codeigniter4-CodeIgniter4-202f41a\app\Controllers\User.php(19): App\Models\UserDatatable->__construct(Object(CodeIgniter\HTTP\IncomingRequest))
#1 C:\Salik\File\codeigniter4-CodeIgniter4-v4.1.9-0-g202f41a\codeigniter4-CodeIgniter4-202f41a\system\CodeIgniter.php(832): App\Controllers\User->ajaxList()
#2 C:\Salik\File\codeigniter4-CodeIgniter4-v4.1.9-0-g202f41a\codeigniter4-CodeIgniter4-202f41a\system\CodeIgniter.php(419): CodeIgniter\CodeIgniter->runController(Object(App\Controllers\User))
#3 C:\Salik\File\codeigniter4-CodeIgniter4-v4.1.9-0-g202f41a\codeigniter4-CodeIgniter4-202f41a\system\CodeIgniter.php(326): CodeIgniter\CodeIgniter->handleRequest(NULL, Object(Config\Cache), false)
#4 C:\Salik\File\codeigniter4-CodeIgniter4-v4.1.9-0-g202f41a\codeigniter4-CodeIgniter4-202f41a\public\index.php(37): CodeIgniter\CodeIgniter->run()
#5 C:\Salik\File\codeigniter4-CodeIgniter4-v4.1.9-0-g202f41a\codeigniter4-CodeIgniter4-202f41a\system\Commands\Server\rewrite.php(43): require_once('C:\\Salik\\File\\c...')
#6 {main}
CRITICAL - 2022-04-28 01:23:46 --> Call to undefined function App\Models\utswf()
#0 C:\Salik\File\codeigniter4-CodeIgniter4-v4.1.9-0-g202f41a\codeigniter4-CodeIgniter4-202f41a\app\Controllers\User.php(19): App\Models\UserDatatable->__construct(Object(CodeIgniter\HTTP\IncomingRequest))
#1 C:\Salik\File\codeigniter4-CodeIgniter4-v4.1.9-0-g202f41a\codeigniter4-CodeIgniter4-202f41a\system\CodeIgniter.php(832): App\Controllers\User->ajaxList()
#2 C:\Salik\File\codeigniter4-CodeIgniter4-v4.1.9-0-g202f41a\codeigniter4-CodeIgniter4-202f41a\system\CodeIgniter.php(419): CodeIgniter\CodeIgniter->runController(Object(App\Controllers\User))
#3 C:\Salik\File\codeigniter4-CodeIgniter4-v4.1.9-0-g202f41a\codeigniter4-CodeIgniter4-202f41a\system\CodeIgniter.php(326): CodeIgniter\CodeIgniter->handleRequest(NULL, Object(Config\Cache), false)
#4 C:\Salik\File\codeigniter4-CodeIgniter4-v4.1.9-0-g202f41a\codeigniter4-CodeIgniter4-202f41a\public\index.php(37): CodeIgniter\CodeIgniter->run()
#5 C:\Salik\File\codeigniter4-CodeIgniter4-v4.1.9-0-g202f41a\codeigniter4-CodeIgniter4-202f41a\system\Commands\Server\rewrite.php(43): require_once('C:\\Salik\\File\\c...')
#6 {main}
CRITICAL - 2022-04-28 01:30:51 --> Call to undefined function App\Models\utswf()
#0 C:\Salik\File\codeigniter4-CodeIgniter4-v4.1.9-0-g202f41a\codeigniter4-CodeIgniter4-202f41a\app\Controllers\User.php(19): App\Models\UserDatatable->__construct(Object(CodeIgniter\HTTP\IncomingRequest))
#1 C:\Salik\File\codeigniter4-CodeIgniter4-v4.1.9-0-g202f41a\codeigniter4-CodeIgniter4-202f41a\system\CodeIgniter.php(832): App\Controllers\User->ajaxList()
#2 C:\Salik\File\codeigniter4-CodeIgniter4-v4.1.9-0-g202f41a\codeigniter4-CodeIgniter4-202f41a\system\CodeIgniter.php(419): CodeIgniter\CodeIgniter->runController(Object(App\Controllers\User))
#3 C:\Salik\File\codeigniter4-CodeIgniter4-v4.1.9-0-g202f41a\codeigniter4-CodeIgniter4-202f41a\system\CodeIgniter.php(326): CodeIgniter\CodeIgniter->handleRequest(NULL, Object(Config\Cache), false)
#4 C:\Salik\File\codeigniter4-CodeIgniter4-v4.1.9-0-g202f41a\codeigniter4-CodeIgniter4-202f41a\public\index.php(37): CodeIgniter\CodeIgniter->run()
#5 C:\Salik\File\codeigniter4-CodeIgniter4-v4.1.9-0-g202f41a\codeigniter4-CodeIgniter4-202f41a\system\Commands\Server\rewrite.php(43): require_once('C:\\Salik\\File\\c...')
#6 {main}
CRITICAL - 2022-04-28 01:42:39 --> Call to undefined function App\Models\utswf()
#0 C:\Salik\File\codeigniter4-CodeIgniter4-v4.1.9-0-g202f41a\codeigniter4-CodeIgniter4-202f41a\app\Controllers\User.php(19): App\Models\UserDatatable->__construct(Object(CodeIgniter\HTTP\IncomingRequest))
#1 C:\Salik\File\codeigniter4-CodeIgniter4-v4.1.9-0-g202f41a\codeigniter4-CodeIgniter4-202f41a\system\CodeIgniter.php(832): App\Controllers\User->ajaxList()
#2 C:\Salik\File\codeigniter4-CodeIgniter4-v4.1.9-0-g202f41a\codeigniter4-CodeIgniter4-202f41a\system\CodeIgniter.php(419): CodeIgniter\CodeIgniter->runController(Object(App\Controllers\User))
#3 C:\Salik\File\codeigniter4-CodeIgniter4-v4.1.9-0-g202f41a\codeigniter4-CodeIgniter4-202f41a\system\CodeIgniter.php(326): CodeIgniter\CodeIgniter->handleRequest(NULL, Object(Config\Cache), false)
#4 C:\Salik\File\codeigniter4-CodeIgniter4-v4.1.9-0-g202f41a\codeigniter4-CodeIgniter4-202f41a\public\index.php(37): CodeIgniter\CodeIgniter->run()
#5 C:\Salik\File\codeigniter4-CodeIgniter4-v4.1.9-0-g202f41a\codeigniter4-CodeIgniter4-202f41a\system\Commands\Server\rewrite.php(43): require_once('C:\\Salik\\File\\c...')
#6 {main}
CRITICAL - 2022-04-28 01:49:14 --> Invalid file: layout/header.php
#0 C:\Salik\File\codeigniter4-CodeIgniter4-v4.1.9-0-g202f41a\codeigniter4-CodeIgniter4-202f41a\system\View\View.php(198): CodeIgniter\Exceptions\FrameworkException::forInvalidFile('layout/header.p...')
#1 C:\Salik\File\codeigniter4-CodeIgniter4-v4.1.9-0-g202f41a\codeigniter4-CodeIgniter4-202f41a\system\View\View.php(424): CodeIgniter\View\View->render('layout/header', NULL, true)
#2 C:\Salik\File\codeigniter4-CodeIgniter4-v4.1.9-0-g202f41a\codeigniter4-CodeIgniter4-202f41a\app\Views\teknologi.php(1): CodeIgniter\View\View->include('layout/header')
#3 C:\Salik\File\codeigniter4-CodeIgniter4-v4.1.9-0-g202f41a\codeigniter4-CodeIgniter4-202f41a\system\View\View.php(210): include('C:\\Salik\\File\\c...')
#4 C:\Salik\File\codeigniter4-CodeIgniter4-v4.1.9-0-g202f41a\codeigniter4-CodeIgniter4-202f41a\system\View\View.php(213): CodeIgniter\View\View->CodeIgniter\View\{closure}()
#5 C:\Salik\File\codeigniter4-CodeIgniter4-v4.1.9-0-g202f41a\codeigniter4-CodeIgniter4-202f41a\system\Common.php(1089): CodeIgniter\View\View->render('teknologi', Array, true)
#6 C:\Salik\File\codeigniter4-CodeIgniter4-v4.1.9-0-g202f41a\codeigniter4-CodeIgniter4-202f41a\app\Controllers\Home.php(15): view('teknologi')
#7 C:\Salik\File\codeigniter4-CodeIgniter4-v4.1.9-0-g202f41a\codeigniter4-CodeIgniter4-202f41a\system\CodeIgniter.php(832): App\Controllers\Home->index()
#8 C:\Salik\File\codeigniter4-CodeIgniter4-v4.1.9-0-g202f41a\codeigniter4-CodeIgniter4-202f41a\system\CodeIgniter.php(419): CodeIgniter\CodeIgniter->runController(Object(App\Controllers\Home))
#9 C:\Salik\File\codeigniter4-CodeIgniter4-v4.1.9-0-g202f41a\codeigniter4-CodeIgniter4-202f41a\system\CodeIgniter.php(326): CodeIgniter\CodeIgniter->handleRequest(NULL, Object(Config\Cache), false)
#10 C:\Salik\File\codeigniter4-CodeIgniter4-v4.1.9-0-g202f41a\codeigniter4-CodeIgniter4-202f41a\public\index.php(37): CodeIgniter\CodeIgniter->run()
#11 C:\Salik\File\codeigniter4-CodeIgniter4-v4.1.9-0-g202f41a\codeigniter4-CodeIgniter4-202f41a\system\Commands\Server\rewrite.php(43): require_once('C:\\Salik\\File\\c...')
#12 {main}
