CRITICAL - 2022-06-24 01:37:49 --> file_get_contents(): php_network_getaddresses: getaddrinfo for devel.crissad.com failed: No such host is known. 
#0 [internal function]: CodeIgniter\Debug\Exceptions->errorHandler(2, 'file_get_conten...', 'C:\\xampp\\htdocs...', 257)
#1 C:\xampp\htdocs\codeigniter4-CodeIgniter4-202f41a\app\Views\layout\HomePage.php(257): file_get_contents('http://devel.cr...')
#2 C:\xampp\htdocs\codeigniter4-CodeIgniter4-202f41a\system\View\View.php(210): include('C:\\xampp\\htdocs...')
#3 C:\xampp\htdocs\codeigniter4-CodeIgniter4-202f41a\system\View\View.php(213): CodeIgniter\View\View->CodeIgniter\View\{closure}()
#4 C:\xampp\htdocs\codeigniter4-CodeIgniter4-202f41a\system\Common.php(1089): CodeIgniter\View\View->render('layout/HomePage', Array, true)
#5 C:\xampp\htdocs\codeigniter4-CodeIgniter4-202f41a\app\Controllers\Home.php(13): view('layout/HomePage')
#6 C:\xampp\htdocs\codeigniter4-CodeIgniter4-202f41a\system\CodeIgniter.php(832): App\Controllers\Home->index()
#7 C:\xampp\htdocs\codeigniter4-CodeIgniter4-202f41a\system\CodeIgniter.php(419): CodeIgniter\CodeIgniter->runController(Object(App\Controllers\Home))
#8 C:\xampp\htdocs\codeigniter4-CodeIgniter4-202f41a\system\CodeIgniter.php(326): CodeIgniter\CodeIgniter->handleRequest(NULL, Object(Config\Cache), false)
#9 C:\xampp\htdocs\codeigniter4-CodeIgniter4-202f41a\public\index.php(37): CodeIgniter\CodeIgniter->run()
#10 C:\xampp\htdocs\codeigniter4-CodeIgniter4-202f41a\system\Commands\Server\rewrite.php(43): require_once('C:\\xampp\\htdocs...')
#11 {main}
CRITICAL - 2022-06-24 01:37:50 --> file_get_contents(): php_network_getaddresses: getaddrinfo for devel.crissad.com failed: No such host is known. 
#0 [internal function]: CodeIgniter\Debug\Exceptions->errorHandler(2, 'file_get_conten...', 'C:\\xampp\\htdocs...', 257)
#1 C:\xampp\htdocs\codeigniter4-CodeIgniter4-202f41a\app\Views\layout\HomePage.php(257): file_get_contents('http://devel.cr...')
#2 C:\xampp\htdocs\codeigniter4-CodeIgniter4-202f41a\system\View\View.php(210): include('C:\\xampp\\htdocs...')
#3 C:\xampp\htdocs\codeigniter4-CodeIgniter4-202f41a\system\View\View.php(213): CodeIgniter\View\View->CodeIgniter\View\{closure}()
#4 C:\xampp\htdocs\codeigniter4-CodeIgniter4-202f41a\system\Common.php(1089): CodeIgniter\View\View->render('layout/HomePage', Array, true)
#5 C:\xampp\htdocs\codeigniter4-CodeIgniter4-202f41a\app\Controllers\Home.php(13): view('layout/HomePage')
#6 C:\xampp\htdocs\codeigniter4-CodeIgniter4-202f41a\system\CodeIgniter.php(832): App\Controllers\Home->index()
#7 C:\xampp\htdocs\codeigniter4-CodeIgniter4-202f41a\system\CodeIgniter.php(419): CodeIgniter\CodeIgniter->runController(Object(App\Controllers\Home))
#8 C:\xampp\htdocs\codeigniter4-CodeIgniter4-202f41a\system\CodeIgniter.php(326): CodeIgniter\CodeIgniter->handleRequest(NULL, Object(Config\Cache), false)
#9 C:\xampp\htdocs\codeigniter4-CodeIgniter4-202f41a\public\index.php(37): CodeIgniter\CodeIgniter->run()
#10 C:\xampp\htdocs\codeigniter4-CodeIgniter4-202f41a\system\Commands\Server\rewrite.php(43): require_once('C:\\xampp\\htdocs...')
#11 {main}
