CRITICAL - 2022-06-26 02:30:56 --> Undefined variable $users
#0 C:\xampp\htdocs\codeigniter4-CodeIgniter4-202f41a\app\Views\layout\myProfile.php(120): CodeIgniter\Debug\Exceptions->errorHandler(2, 'Undefined varia...', 'C:\\xampp\\htdocs...', 120)
#1 C:\xampp\htdocs\codeigniter4-CodeIgniter4-202f41a\system\View\View.php(210): include('C:\\xampp\\htdocs...')
#2 C:\xampp\htdocs\codeigniter4-CodeIgniter4-202f41a\system\View\View.php(213): CodeIgniter\View\View->CodeIgniter\View\{closure}()
#3 C:\xampp\htdocs\codeigniter4-CodeIgniter4-202f41a\system\Common.php(1089): CodeIgniter\View\View->render('layout/myProfil...', Array, true)
#4 C:\xampp\htdocs\codeigniter4-CodeIgniter4-202f41a\app\Controllers\Home.php(71): view('layout/myProfil...')
#5 C:\xampp\htdocs\codeigniter4-CodeIgniter4-202f41a\system\CodeIgniter.php(832): App\Controllers\Home->profile()
#6 C:\xampp\htdocs\codeigniter4-CodeIgniter4-202f41a\system\CodeIgniter.php(419): CodeIgniter\CodeIgniter->runController(Object(App\Controllers\Home))
#7 C:\xampp\htdocs\codeigniter4-CodeIgniter4-202f41a\system\CodeIgniter.php(326): CodeIgniter\CodeIgniter->handleRequest(NULL, Object(Config\Cache), false)
#8 C:\xampp\htdocs\codeigniter4-CodeIgniter4-202f41a\public\index.php(37): CodeIgniter\CodeIgniter->run()
#9 C:\xampp\htdocs\codeigniter4-CodeIgniter4-202f41a\system\Commands\Server\rewrite.php(43): require_once('C:\\xampp\\htdocs...')
#10 {main}
CRITICAL - 2022-06-26 02:36:05 --> Undefined variable $users
#0 C:\xampp\htdocs\codeigniter4-CodeIgniter4-202f41a\app\Views\layout\myProfile.php(120): CodeIgniter\Debug\Exceptions->errorHandler(2, 'Undefined varia...', 'C:\\xampp\\htdocs...', 120)
#1 C:\xampp\htdocs\codeigniter4-CodeIgniter4-202f41a\system\View\View.php(210): include('C:\\xampp\\htdocs...')
#2 C:\xampp\htdocs\codeigniter4-CodeIgniter4-202f41a\system\View\View.php(213): CodeIgniter\View\View->CodeIgniter\View\{closure}()
#3 C:\xampp\htdocs\codeigniter4-CodeIgniter4-202f41a\system\Common.php(1089): CodeIgniter\View\View->render('layout/myProfil...', Array, true)
#4 C:\xampp\htdocs\codeigniter4-CodeIgniter4-202f41a\app\Controllers\Home.php(71): view('layout/myProfil...')
#5 C:\xampp\htdocs\codeigniter4-CodeIgniter4-202f41a\system\CodeIgniter.php(832): App\Controllers\Home->profile()
#6 C:\xampp\htdocs\codeigniter4-CodeIgniter4-202f41a\system\CodeIgniter.php(419): CodeIgniter\CodeIgniter->runController(Object(App\Controllers\Home))
#7 C:\xampp\htdocs\codeigniter4-CodeIgniter4-202f41a\system\CodeIgniter.php(326): CodeIgniter\CodeIgniter->handleRequest(NULL, Object(Config\Cache), false)
#8 C:\xampp\htdocs\codeigniter4-CodeIgniter4-202f41a\public\index.php(37): CodeIgniter\CodeIgniter->run()
#9 C:\xampp\htdocs\codeigniter4-CodeIgniter4-202f41a\system\Commands\Server\rewrite.php(43): require_once('C:\\xampp\\htdocs...')
#10 {main}
CRITICAL - 2022-06-26 02:37:17 --> Undefined variable $users
#0 C:\xampp\htdocs\codeigniter4-CodeIgniter4-202f41a\app\Views\layout\myProfile.php(121): CodeIgniter\Debug\Exceptions->errorHandler(2, 'Undefined varia...', 'C:\\xampp\\htdocs...', 121)
#1 C:\xampp\htdocs\codeigniter4-CodeIgniter4-202f41a\system\View\View.php(210): include('C:\\xampp\\htdocs...')
#2 C:\xampp\htdocs\codeigniter4-CodeIgniter4-202f41a\system\View\View.php(213): CodeIgniter\View\View->CodeIgniter\View\{closure}()
#3 C:\xampp\htdocs\codeigniter4-CodeIgniter4-202f41a\system\Common.php(1089): CodeIgniter\View\View->render('layout/myProfil...', Array, true)
#4 C:\xampp\htdocs\codeigniter4-CodeIgniter4-202f41a\app\Controllers\Home.php(71): view('layout/myProfil...')
#5 C:\xampp\htdocs\codeigniter4-CodeIgniter4-202f41a\system\CodeIgniter.php(832): App\Controllers\Home->profile()
#6 C:\xampp\htdocs\codeigniter4-CodeIgniter4-202f41a\system\CodeIgniter.php(419): CodeIgniter\CodeIgniter->runController(Object(App\Controllers\Home))
#7 C:\xampp\htdocs\codeigniter4-CodeIgniter4-202f41a\system\CodeIgniter.php(326): CodeIgniter\CodeIgniter->handleRequest(NULL, Object(Config\Cache), false)
#8 C:\xampp\htdocs\codeigniter4-CodeIgniter4-202f41a\public\index.php(37): CodeIgniter\CodeIgniter->run()
#9 C:\xampp\htdocs\codeigniter4-CodeIgniter4-202f41a\system\Commands\Server\rewrite.php(43): require_once('C:\\xampp\\htdocs...')
#10 {main}
CRITICAL - 2022-06-26 02:37:46 --> Undefined variable $users
#0 C:\xampp\htdocs\codeigniter4-CodeIgniter4-202f41a\app\Views\layout\myProfile.php(121): CodeIgniter\Debug\Exceptions->errorHandler(2, 'Undefined varia...', 'C:\\xampp\\htdocs...', 121)
#1 C:\xampp\htdocs\codeigniter4-CodeIgniter4-202f41a\system\View\View.php(210): include('C:\\xampp\\htdocs...')
#2 C:\xampp\htdocs\codeigniter4-CodeIgniter4-202f41a\system\View\View.php(213): CodeIgniter\View\View->CodeIgniter\View\{closure}()
#3 C:\xampp\htdocs\codeigniter4-CodeIgniter4-202f41a\system\Common.php(1089): CodeIgniter\View\View->render('layout/myProfil...', Array, true)
#4 C:\xampp\htdocs\codeigniter4-CodeIgniter4-202f41a\app\Controllers\Home.php(71): view('layout/myProfil...')
#5 C:\xampp\htdocs\codeigniter4-CodeIgniter4-202f41a\system\CodeIgniter.php(832): App\Controllers\Home->profile()
#6 C:\xampp\htdocs\codeigniter4-CodeIgniter4-202f41a\system\CodeIgniter.php(419): CodeIgniter\CodeIgniter->runController(Object(App\Controllers\Home))
#7 C:\xampp\htdocs\codeigniter4-CodeIgniter4-202f41a\system\CodeIgniter.php(326): CodeIgniter\CodeIgniter->handleRequest(NULL, Object(Config\Cache), false)
#8 C:\xampp\htdocs\codeigniter4-CodeIgniter4-202f41a\public\index.php(37): CodeIgniter\CodeIgniter->run()
#9 C:\xampp\htdocs\codeigniter4-CodeIgniter4-202f41a\system\Commands\Server\rewrite.php(43): require_once('C:\\xampp\\htdocs...')
#10 {main}
CRITICAL - 2022-06-26 02:38:02 --> Undefined variable $users
#0 C:\xampp\htdocs\codeigniter4-CodeIgniter4-202f41a\app\Views\layout\myProfile.php(139): CodeIgniter\Debug\Exceptions->errorHandler(2, 'Undefined varia...', 'C:\\xampp\\htdocs...', 139)
#1 C:\xampp\htdocs\codeigniter4-CodeIgniter4-202f41a\system\View\View.php(210): include('C:\\xampp\\htdocs...')
#2 C:\xampp\htdocs\codeigniter4-CodeIgniter4-202f41a\system\View\View.php(213): CodeIgniter\View\View->CodeIgniter\View\{closure}()
#3 C:\xampp\htdocs\codeigniter4-CodeIgniter4-202f41a\system\Common.php(1089): CodeIgniter\View\View->render('layout/myProfil...', Array, true)
#4 C:\xampp\htdocs\codeigniter4-CodeIgniter4-202f41a\app\Controllers\Home.php(71): view('layout/myProfil...')
#5 C:\xampp\htdocs\codeigniter4-CodeIgniter4-202f41a\system\CodeIgniter.php(832): App\Controllers\Home->profile()
#6 C:\xampp\htdocs\codeigniter4-CodeIgniter4-202f41a\system\CodeIgniter.php(419): CodeIgniter\CodeIgniter->runController(Object(App\Controllers\Home))
#7 C:\xampp\htdocs\codeigniter4-CodeIgniter4-202f41a\system\CodeIgniter.php(326): CodeIgniter\CodeIgniter->handleRequest(NULL, Object(Config\Cache), false)
#8 C:\xampp\htdocs\codeigniter4-CodeIgniter4-202f41a\public\index.php(37): CodeIgniter\CodeIgniter->run()
#9 C:\xampp\htdocs\codeigniter4-CodeIgniter4-202f41a\system\Commands\Server\rewrite.php(43): require_once('C:\\xampp\\htdocs...')
#10 {main}
ERROR - 2022-06-26 23:29:31 --> Can't create table `dbptik`.`auth_tokens` (errno: 150 "Foreign key constraint is incorrectly formed")
