CRITICAL - 2022-04-27 19:49:58 --> Invalid file: template/template.php
#0 C:\Salik\File\codeigniter4-CodeIgniter4-v4.1.9-0-g202f41a\codeigniter4-CodeIgniter4-202f41a\system\View\View.php(198): CodeIgniter\Exceptions\FrameworkException::forInvalidFile('template/templa...')
#1 C:\Salik\File\codeigniter4-CodeIgniter4-v4.1.9-0-g202f41a\codeigniter4-CodeIgniter4-202f41a\system\View\View.php(226): CodeIgniter\View\View->render('template/templa...', Array, true)
#2 C:\Salik\File\codeigniter4-CodeIgniter4-v4.1.9-0-g202f41a\codeigniter4-CodeIgniter4-202f41a\system\Common.php(1089): CodeIgniter\View\View->render('home', Array, true)
#3 C:\Salik\File\codeigniter4-CodeIgniter4-v4.1.9-0-g202f41a\codeigniter4-CodeIgniter4-202f41a\app\Controllers\Home.php(12): view('home', Array)
#4 C:\Salik\File\codeigniter4-CodeIgniter4-v4.1.9-0-g202f41a\codeigniter4-CodeIgniter4-202f41a\system\CodeIgniter.php(832): App\Controllers\Home->index()
#5 C:\Salik\File\codeigniter4-CodeIgniter4-v4.1.9-0-g202f41a\codeigniter4-CodeIgniter4-202f41a\system\CodeIgniter.php(419): CodeIgniter\CodeIgniter->runController(Object(App\Controllers\Home))
#6 C:\Salik\File\codeigniter4-CodeIgniter4-v4.1.9-0-g202f41a\codeigniter4-CodeIgniter4-202f41a\system\CodeIgniter.php(326): CodeIgniter\CodeIgniter->handleRequest(NULL, Object(Config\Cache), false)
#7 C:\Salik\File\codeigniter4-CodeIgniter4-v4.1.9-0-g202f41a\codeigniter4-CodeIgniter4-202f41a\public\index.php(37): CodeIgniter\CodeIgniter->run()
#8 C:\Salik\File\codeigniter4-CodeIgniter4-v4.1.9-0-g202f41a\codeigniter4-CodeIgniter4-202f41a\system\Commands\Server\rewrite.php(43): require_once('C:\\Salik\\File\\c...')
#9 {main}
CRITICAL - 2022-04-27 19:50:00 --> Invalid file: template/template.php
#0 C:\Salik\File\codeigniter4-CodeIgniter4-v4.1.9-0-g202f41a\codeigniter4-CodeIgniter4-202f41a\system\View\View.php(198): CodeIgniter\Exceptions\FrameworkException::forInvalidFile('template/templa...')
#1 C:\Salik\File\codeigniter4-CodeIgniter4-v4.1.9-0-g202f41a\codeigniter4-CodeIgniter4-202f41a\system\View\View.php(226): CodeIgniter\View\View->render('template/templa...', Array, true)
#2 C:\Salik\File\codeigniter4-CodeIgniter4-v4.1.9-0-g202f41a\codeigniter4-CodeIgniter4-202f41a\system\Common.php(1089): CodeIgniter\View\View->render('home', Array, true)
#3 C:\Salik\File\codeigniter4-CodeIgniter4-v4.1.9-0-g202f41a\codeigniter4-CodeIgniter4-202f41a\app\Controllers\Home.php(12): view('home', Array)
#4 C:\Salik\File\codeigniter4-CodeIgniter4-v4.1.9-0-g202f41a\codeigniter4-CodeIgniter4-202f41a\system\CodeIgniter.php(832): App\Controllers\Home->index()
#5 C:\Salik\File\codeigniter4-CodeIgniter4-v4.1.9-0-g202f41a\codeigniter4-CodeIgniter4-202f41a\system\CodeIgniter.php(419): CodeIgniter\CodeIgniter->runController(Object(App\Controllers\Home))
#6 C:\Salik\File\codeigniter4-CodeIgniter4-v4.1.9-0-g202f41a\codeigniter4-CodeIgniter4-202f41a\system\CodeIgniter.php(326): CodeIgniter\CodeIgniter->handleRequest(NULL, Object(Config\Cache), false)
#7 C:\Salik\File\codeigniter4-CodeIgniter4-v4.1.9-0-g202f41a\codeigniter4-CodeIgniter4-202f41a\public\index.php(37): CodeIgniter\CodeIgniter->run()
#8 C:\Salik\File\codeigniter4-CodeIgniter4-v4.1.9-0-g202f41a\codeigniter4-CodeIgniter4-202f41a\system\Commands\Server\rewrite.php(43): require_once('C:\\Salik\\File\\c...')
#9 {main}
CRITICAL - 2022-04-27 19:50:08 --> Invalid file: template/template.php
#0 C:\Salik\File\codeigniter4-CodeIgniter4-v4.1.9-0-g202f41a\codeigniter4-CodeIgniter4-202f41a\system\View\View.php(198): CodeIgniter\Exceptions\FrameworkException::forInvalidFile('template/templa...')
#1 C:\Salik\File\codeigniter4-CodeIgniter4-v4.1.9-0-g202f41a\codeigniter4-CodeIgniter4-202f41a\system\View\View.php(226): CodeIgniter\View\View->render('template/templa...', Array, true)
#2 C:\Salik\File\codeigniter4-CodeIgniter4-v4.1.9-0-g202f41a\codeigniter4-CodeIgniter4-202f41a\system\Common.php(1089): CodeIgniter\View\View->render('home', Array, true)
#3 C:\Salik\File\codeigniter4-CodeIgniter4-v4.1.9-0-g202f41a\codeigniter4-CodeIgniter4-202f41a\app\Controllers\Home.php(12): view('home', Array)
#4 C:\Salik\File\codeigniter4-CodeIgniter4-v4.1.9-0-g202f41a\codeigniter4-CodeIgniter4-202f41a\system\CodeIgniter.php(832): App\Controllers\Home->index()
#5 C:\Salik\File\codeigniter4-CodeIgniter4-v4.1.9-0-g202f41a\codeigniter4-CodeIgniter4-202f41a\system\CodeIgniter.php(419): CodeIgniter\CodeIgniter->runController(Object(App\Controllers\Home))
#6 C:\Salik\File\codeigniter4-CodeIgniter4-v4.1.9-0-g202f41a\codeigniter4-CodeIgniter4-202f41a\system\CodeIgniter.php(326): CodeIgniter\CodeIgniter->handleRequest(NULL, Object(Config\Cache), false)
#7 C:\Salik\File\codeigniter4-CodeIgniter4-v4.1.9-0-g202f41a\codeigniter4-CodeIgniter4-202f41a\public\index.php(37): CodeIgniter\CodeIgniter->run()
#8 C:\Salik\File\codeigniter4-CodeIgniter4-v4.1.9-0-g202f41a\codeigniter4-CodeIgniter4-202f41a\system\Commands\Server\rewrite.php(43): require_once('C:\\Salik\\File\\c...')
#9 {main}
CRITICAL - 2022-04-27 19:50:23 --> Invalid file: template/template.php
#0 C:\Salik\File\codeigniter4-CodeIgniter4-v4.1.9-0-g202f41a\codeigniter4-CodeIgniter4-202f41a\system\View\View.php(198): CodeIgniter\Exceptions\FrameworkException::forInvalidFile('template/templa...')
#1 C:\Salik\File\codeigniter4-CodeIgniter4-v4.1.9-0-g202f41a\codeigniter4-CodeIgniter4-202f41a\system\View\View.php(226): CodeIgniter\View\View->render('template/templa...', Array, true)
#2 C:\Salik\File\codeigniter4-CodeIgniter4-v4.1.9-0-g202f41a\codeigniter4-CodeIgniter4-202f41a\system\Common.php(1089): CodeIgniter\View\View->render('home', Array, true)
#3 C:\Salik\File\codeigniter4-CodeIgniter4-v4.1.9-0-g202f41a\codeigniter4-CodeIgniter4-202f41a\app\Controllers\Home.php(12): view('home', Array)
#4 C:\Salik\File\codeigniter4-CodeIgniter4-v4.1.9-0-g202f41a\codeigniter4-CodeIgniter4-202f41a\system\CodeIgniter.php(832): App\Controllers\Home->index()
#5 C:\Salik\File\codeigniter4-CodeIgniter4-v4.1.9-0-g202f41a\codeigniter4-CodeIgniter4-202f41a\system\CodeIgniter.php(419): CodeIgniter\CodeIgniter->runController(Object(App\Controllers\Home))
#6 C:\Salik\File\codeigniter4-CodeIgniter4-v4.1.9-0-g202f41a\codeigniter4-CodeIgniter4-202f41a\system\CodeIgniter.php(326): CodeIgniter\CodeIgniter->handleRequest(NULL, Object(Config\Cache), false)
#7 C:\Salik\File\codeigniter4-CodeIgniter4-v4.1.9-0-g202f41a\codeigniter4-CodeIgniter4-202f41a\public\index.php(37): CodeIgniter\CodeIgniter->run()
#8 C:\Salik\File\codeigniter4-CodeIgniter4-v4.1.9-0-g202f41a\codeigniter4-CodeIgniter4-202f41a\system\Commands\Server\rewrite.php(43): require_once('C:\\Salik\\File\\c...')
#9 {main}
CRITICAL - 2022-04-27 19:51:29 --> Invalid file: template/template.php
#0 C:\Salik\File\codeigniter4-CodeIgniter4-v4.1.9-0-g202f41a\codeigniter4-CodeIgniter4-202f41a\system\View\View.php(198): CodeIgniter\Exceptions\FrameworkException::forInvalidFile('template/templa...')
#1 C:\Salik\File\codeigniter4-CodeIgniter4-v4.1.9-0-g202f41a\codeigniter4-CodeIgniter4-202f41a\system\View\View.php(226): CodeIgniter\View\View->render('template/templa...', Array, true)
#2 C:\Salik\File\codeigniter4-CodeIgniter4-v4.1.9-0-g202f41a\codeigniter4-CodeIgniter4-202f41a\system\Common.php(1089): CodeIgniter\View\View->render('home', Array, true)
#3 C:\Salik\File\codeigniter4-CodeIgniter4-v4.1.9-0-g202f41a\codeigniter4-CodeIgniter4-202f41a\app\Controllers\Home.php(12): view('home', Array)
#4 C:\Salik\File\codeigniter4-CodeIgniter4-v4.1.9-0-g202f41a\codeigniter4-CodeIgniter4-202f41a\system\CodeIgniter.php(832): App\Controllers\Home->index()
#5 C:\Salik\File\codeigniter4-CodeIgniter4-v4.1.9-0-g202f41a\codeigniter4-CodeIgniter4-202f41a\system\CodeIgniter.php(419): CodeIgniter\CodeIgniter->runController(Object(App\Controllers\Home))
#6 C:\Salik\File\codeigniter4-CodeIgniter4-v4.1.9-0-g202f41a\codeigniter4-CodeIgniter4-202f41a\system\CodeIgniter.php(326): CodeIgniter\CodeIgniter->handleRequest(NULL, Object(Config\Cache), false)
#7 C:\Salik\File\codeigniter4-CodeIgniter4-v4.1.9-0-g202f41a\codeigniter4-CodeIgniter4-202f41a\public\index.php(37): CodeIgniter\CodeIgniter->run()
#8 C:\Salik\File\codeigniter4-CodeIgniter4-v4.1.9-0-g202f41a\codeigniter4-CodeIgniter4-202f41a\system\Commands\Server\rewrite.php(43): require_once('C:\\Salik\\File\\c...')
#9 {main}
CRITICAL - 2022-04-27 19:51:31 --> Invalid file: template/template.php
#0 C:\Salik\File\codeigniter4-CodeIgniter4-v4.1.9-0-g202f41a\codeigniter4-CodeIgniter4-202f41a\system\View\View.php(198): CodeIgniter\Exceptions\FrameworkException::forInvalidFile('template/templa...')
#1 C:\Salik\File\codeigniter4-CodeIgniter4-v4.1.9-0-g202f41a\codeigniter4-CodeIgniter4-202f41a\system\View\View.php(226): CodeIgniter\View\View->render('template/templa...', Array, true)
#2 C:\Salik\File\codeigniter4-CodeIgniter4-v4.1.9-0-g202f41a\codeigniter4-CodeIgniter4-202f41a\system\Common.php(1089): CodeIgniter\View\View->render('home', Array, true)
#3 C:\Salik\File\codeigniter4-CodeIgniter4-v4.1.9-0-g202f41a\codeigniter4-CodeIgniter4-202f41a\app\Controllers\Home.php(12): view('home', Array)
#4 C:\Salik\File\codeigniter4-CodeIgniter4-v4.1.9-0-g202f41a\codeigniter4-CodeIgniter4-202f41a\system\CodeIgniter.php(832): App\Controllers\Home->index()
#5 C:\Salik\File\codeigniter4-CodeIgniter4-v4.1.9-0-g202f41a\codeigniter4-CodeIgniter4-202f41a\system\CodeIgniter.php(419): CodeIgniter\CodeIgniter->runController(Object(App\Controllers\Home))
#6 C:\Salik\File\codeigniter4-CodeIgniter4-v4.1.9-0-g202f41a\codeigniter4-CodeIgniter4-202f41a\system\CodeIgniter.php(326): CodeIgniter\CodeIgniter->handleRequest(NULL, Object(Config\Cache), false)
#7 C:\Salik\File\codeigniter4-CodeIgniter4-v4.1.9-0-g202f41a\codeigniter4-CodeIgniter4-202f41a\public\index.php(37): CodeIgniter\CodeIgniter->run()
#8 C:\Salik\File\codeigniter4-CodeIgniter4-v4.1.9-0-g202f41a\codeigniter4-CodeIgniter4-202f41a\system\Commands\Server\rewrite.php(43): require_once('C:\\Salik\\File\\c...')
#9 {main}
CRITICAL - 2022-04-27 19:52:47 --> Invalid file: template/template.php
#0 C:\Salik\File\codeigniter4-CodeIgniter4-v4.1.9-0-g202f41a\codeigniter4-CodeIgniter4-202f41a\system\View\View.php(198): CodeIgniter\Exceptions\FrameworkException::forInvalidFile('template/templa...')
#1 C:\Salik\File\codeigniter4-CodeIgniter4-v4.1.9-0-g202f41a\codeigniter4-CodeIgniter4-202f41a\system\View\View.php(226): CodeIgniter\View\View->render('template/templa...', Array, true)
#2 C:\Salik\File\codeigniter4-CodeIgniter4-v4.1.9-0-g202f41a\codeigniter4-CodeIgniter4-202f41a\system\Common.php(1089): CodeIgniter\View\View->render('home', Array, true)
#3 C:\Salik\File\codeigniter4-CodeIgniter4-v4.1.9-0-g202f41a\codeigniter4-CodeIgniter4-202f41a\app\Controllers\Home.php(12): view('home', Array)
#4 C:\Salik\File\codeigniter4-CodeIgniter4-v4.1.9-0-g202f41a\codeigniter4-CodeIgniter4-202f41a\system\CodeIgniter.php(832): App\Controllers\Home->index()
#5 C:\Salik\File\codeigniter4-CodeIgniter4-v4.1.9-0-g202f41a\codeigniter4-CodeIgniter4-202f41a\system\CodeIgniter.php(419): CodeIgniter\CodeIgniter->runController(Object(App\Controllers\Home))
#6 C:\Salik\File\codeigniter4-CodeIgniter4-v4.1.9-0-g202f41a\codeigniter4-CodeIgniter4-202f41a\system\CodeIgniter.php(326): CodeIgniter\CodeIgniter->handleRequest(NULL, Object(Config\Cache), false)
#7 C:\Salik\File\codeigniter4-CodeIgniter4-v4.1.9-0-g202f41a\codeigniter4-CodeIgniter4-202f41a\public\index.php(37): CodeIgniter\CodeIgniter->run()
#8 C:\Salik\File\codeigniter4-CodeIgniter4-v4.1.9-0-g202f41a\codeigniter4-CodeIgniter4-202f41a\system\Commands\Server\rewrite.php(43): require_once('C:\\Salik\\File\\c...')
#9 {main}
CRITICAL - 2022-04-27 19:52:48 --> Invalid file: template/template.php
#0 C:\Salik\File\codeigniter4-CodeIgniter4-v4.1.9-0-g202f41a\codeigniter4-CodeIgniter4-202f41a\system\View\View.php(198): CodeIgniter\Exceptions\FrameworkException::forInvalidFile('template/templa...')
#1 C:\Salik\File\codeigniter4-CodeIgniter4-v4.1.9-0-g202f41a\codeigniter4-CodeIgniter4-202f41a\system\View\View.php(226): CodeIgniter\View\View->render('template/templa...', Array, true)
#2 C:\Salik\File\codeigniter4-CodeIgniter4-v4.1.9-0-g202f41a\codeigniter4-CodeIgniter4-202f41a\system\Common.php(1089): CodeIgniter\View\View->render('home', Array, true)
#3 C:\Salik\File\codeigniter4-CodeIgniter4-v4.1.9-0-g202f41a\codeigniter4-CodeIgniter4-202f41a\app\Controllers\Home.php(12): view('home', Array)
#4 C:\Salik\File\codeigniter4-CodeIgniter4-v4.1.9-0-g202f41a\codeigniter4-CodeIgniter4-202f41a\system\CodeIgniter.php(832): App\Controllers\Home->index()
#5 C:\Salik\File\codeigniter4-CodeIgniter4-v4.1.9-0-g202f41a\codeigniter4-CodeIgniter4-202f41a\system\CodeIgniter.php(419): CodeIgniter\CodeIgniter->runController(Object(App\Controllers\Home))
#6 C:\Salik\File\codeigniter4-CodeIgniter4-v4.1.9-0-g202f41a\codeigniter4-CodeIgniter4-202f41a\system\CodeIgniter.php(326): CodeIgniter\CodeIgniter->handleRequest(NULL, Object(Config\Cache), false)
#7 C:\Salik\File\codeigniter4-CodeIgniter4-v4.1.9-0-g202f41a\codeigniter4-CodeIgniter4-202f41a\public\index.php(37): CodeIgniter\CodeIgniter->run()
#8 C:\Salik\File\codeigniter4-CodeIgniter4-v4.1.9-0-g202f41a\codeigniter4-CodeIgniter4-202f41a\system\Commands\Server\rewrite.php(43): require_once('C:\\Salik\\File\\c...')
#9 {main}
CRITICAL - 2022-04-27 20:37:47 --> Undefined variable $list
#0 C:\Salik\File\codeigniter4-CodeIgniter4-v4.1.9-0-g202f41a\codeigniter4-CodeIgniter4-202f41a\app\Views\home.php(27): CodeIgniter\Debug\Exceptions->errorHandler(2, 'Undefined varia...', 'C:\\Salik\\File\\c...', 27)
#1 C:\Salik\File\codeigniter4-CodeIgniter4-v4.1.9-0-g202f41a\codeigniter4-CodeIgniter4-202f41a\system\View\View.php(210): include('C:\\Salik\\File\\c...')
#2 C:\Salik\File\codeigniter4-CodeIgniter4-v4.1.9-0-g202f41a\codeigniter4-CodeIgniter4-202f41a\system\View\View.php(213): CodeIgniter\View\View->CodeIgniter\View\{closure}()
#3 C:\Salik\File\codeigniter4-CodeIgniter4-v4.1.9-0-g202f41a\codeigniter4-CodeIgniter4-202f41a\system\Common.php(1089): CodeIgniter\View\View->render('home', Array, true)
#4 C:\Salik\File\codeigniter4-CodeIgniter4-v4.1.9-0-g202f41a\codeigniter4-CodeIgniter4-202f41a\app\Controllers\Home.php(12): view('home', Array)
#5 C:\Salik\File\codeigniter4-CodeIgniter4-v4.1.9-0-g202f41a\codeigniter4-CodeIgniter4-202f41a\system\CodeIgniter.php(832): App\Controllers\Home->index()
#6 C:\Salik\File\codeigniter4-CodeIgniter4-v4.1.9-0-g202f41a\codeigniter4-CodeIgniter4-202f41a\system\CodeIgniter.php(419): CodeIgniter\CodeIgniter->runController(Object(App\Controllers\Home))
#7 C:\Salik\File\codeigniter4-CodeIgniter4-v4.1.9-0-g202f41a\codeigniter4-CodeIgniter4-202f41a\system\CodeIgniter.php(326): CodeIgniter\CodeIgniter->handleRequest(NULL, Object(Config\Cache), false)
#8 C:\Salik\File\codeigniter4-CodeIgniter4-v4.1.9-0-g202f41a\codeigniter4-CodeIgniter4-202f41a\public\index.php(37): CodeIgniter\CodeIgniter->run()
#9 C:\Salik\File\codeigniter4-CodeIgniter4-v4.1.9-0-g202f41a\codeigniter4-CodeIgniter4-202f41a\system\Commands\Server\rewrite.php(43): require_once('C:\\Salik\\File\\c...')
#10 {main}
